{"/Users/erin.noe-payne/local/super-router/lib/Request.js":{"path":"/Users/erin.noe-payne/local/super-router/lib/Request.js","s":{"1":1,"2":1,"3":1,"4":1,"5":82,"6":2,"7":80,"8":80,"9":80,"10":1,"11":79,"12":1,"13":78,"14":75,"15":72,"16":72,"17":72,"18":33,"19":72,"20":72,"21":4,"22":4,"23":72,"24":7,"25":72,"26":226,"27":3,"28":5,"29":135,"30":81,"31":4,"32":77,"33":120,"34":77,"35":4,"36":73,"37":71,"38":71,"39":34,"40":71,"41":4,"42":26,"43":5,"44":1},"b":{"1":[2,80],"2":[1,79],"3":[80,77],"4":[1,78],"5":[79,8],"6":[72,70],"7":[7,65],"8":[3,223],"9":[4,77],"10":[4,73]},"f":{"1":82,"2":4,"3":5,"4":135,"5":81,"6":120,"7":77,"8":71,"9":4,"10":26,"11":5},"fnMap":{"1":{"name":"(anonymous_1)","line":21,"loc":{"start":{"line":21,"column":13},"end":{"line":21,"column":23}}},"2":{"name":"(anonymous_2)","line":45,"loc":{"start":{"line":45,"column":28},"end":{"line":45,"column":61}}},"3":{"name":"(anonymous_3)","line":66,"loc":{"start":{"line":66,"column":18},"end":{"line":66,"column":21}}},"4":{"name":"(anonymous_4)","line":75,"loc":{"start":{"line":75,"column":10},"end":{"line":75,"column":13}}},"5":{"name":"(anonymous_5)","line":85,"loc":{"start":{"line":85,"column":10},"end":{"line":85,"column":17}}},"6":{"name":"(anonymous_6)","line":97,"loc":{"start":{"line":97,"column":12},"end":{"line":97,"column":15}}},"7":{"name":"(anonymous_7)","line":107,"loc":{"start":{"line":107,"column":12},"end":{"line":107,"column":21}}},"8":{"name":"(anonymous_8)","line":119,"loc":{"start":{"line":119,"column":13},"end":{"line":119,"column":16}}},"9":{"name":"(anonymous_9)","line":134,"loc":{"start":{"line":134,"column":11},"end":{"line":134,"column":17}}},"10":{"name":"(anonymous_10)","line":143,"loc":{"start":{"line":143,"column":10},"end":{"line":143,"column":13}}},"11":{"name":"(anonymous_11)","line":153,"loc":{"start":{"line":153,"column":10},"end":{"line":153,"column":16}}}},"statementMap":{"1":{"start":{"line":2,"column":0},"end":{"line":2,"column":43}},"2":{"start":{"line":3,"column":0},"end":{"line":3,"column":44}},"3":{"start":{"line":4,"column":0},"end":{"line":4,"column":53}},"4":{"start":{"line":5,"column":0},"end":{"line":5,"column":56}},"5":{"start":{"line":22,"column":4},"end":{"line":24,"column":5}},"6":{"start":{"line":23,"column":6},"end":{"line":23,"column":56}},"7":{"start":{"line":26,"column":4},"end":{"line":26,"column":36}},"8":{"start":{"line":27,"column":4},"end":{"line":27,"column":33}},"9":{"start":{"line":29,"column":4},"end":{"line":31,"column":5}},"10":{"start":{"line":30,"column":6},"end":{"line":30,"column":56}},"11":{"start":{"line":32,"column":4},"end":{"line":34,"column":5}},"12":{"start":{"line":33,"column":6},"end":{"line":33,"column":61}},"13":{"start":{"line":36,"column":4},"end":{"line":36,"column":31}},"14":{"start":{"line":37,"column":4},"end":{"line":37,"column":33}},"15":{"start":{"line":39,"column":4},"end":{"line":39,"column":65}},"16":{"start":{"line":40,"column":4},"end":{"line":40,"column":38}},"17":{"start":{"line":41,"column":4},"end":{"line":43,"column":7}},"18":{"start":{"line":42,"column":6},"end":{"line":42,"column":58}},"19":{"start":{"line":44,"column":4},"end":{"line":44,"column":50}},"20":{"start":{"line":45,"column":4},"end":{"line":48,"column":6}},"21":{"start":{"line":46,"column":6},"end":{"line":46,"column":23}},"22":{"start":{"line":47,"column":6},"end":{"line":47,"column":20}},"23":{"start":{"line":49,"column":4},"end":{"line":51,"column":5}},"24":{"start":{"line":50,"column":6},"end":{"line":50,"column":28}},"25":{"start":{"line":53,"column":4},"end":{"line":57,"column":7}},"26":{"start":{"line":54,"column":6},"end":{"line":56,"column":7}},"27":{"start":{"line":55,"column":8},"end":{"line":55,"column":20}},"28":{"start":{"line":67,"column":4},"end":{"line":67,"column":30}},"29":{"start":{"line":76,"column":4},"end":{"line":76,"column":22}},"30":{"start":{"line":86,"column":4},"end":{"line":88,"column":5}},"31":{"start":{"line":87,"column":6},"end":{"line":87,"column":52}},"32":{"start":{"line":89,"column":4},"end":{"line":89,"column":43}},"33":{"start":{"line":98,"column":4},"end":{"line":98,"column":24}},"34":{"start":{"line":108,"column":4},"end":{"line":110,"column":5}},"35":{"start":{"line":109,"column":6},"end":{"line":109,"column":67}},"36":{"start":{"line":111,"column":4},"end":{"line":111,"column":49}},"37":{"start":{"line":120,"column":4},"end":{"line":120,"column":19}},"38":{"start":{"line":121,"column":4},"end":{"line":123,"column":5}},"39":{"start":{"line":122,"column":6},"end":{"line":122,"column":25}},"40":{"start":{"line":125,"column":4},"end":{"line":125,"column":15}},"41":{"start":{"line":135,"column":4},"end":{"line":135,"column":48}},"42":{"start":{"line":144,"column":4},"end":{"line":144,"column":22}},"43":{"start":{"line":154,"column":4},"end":{"line":154,"column":21}},"44":{"start":{"line":158,"column":0},"end":{"line":158,"column":25}}},"branchMap":{"1":{"line":22,"type":"if","locations":[{"start":{"line":22,"column":4},"end":{"line":22,"column":4}},{"start":{"line":22,"column":4},"end":{"line":22,"column":4}}]},"2":{"line":29,"type":"if","locations":[{"start":{"line":29,"column":4},"end":{"line":29,"column":4}},{"start":{"line":29,"column":4},"end":{"line":29,"column":4}}]},"3":{"line":29,"type":"binary-expr","locations":[{"start":{"line":29,"column":8},"end":{"line":29,"column":23}},{"start":{"line":29,"column":27},"end":{"line":29,"column":47}}]},"4":{"line":32,"type":"if","locations":[{"start":{"line":32,"column":4},"end":{"line":32,"column":4}},{"start":{"line":32,"column":4},"end":{"line":32,"column":4}}]},"5":{"line":32,"type":"binary-expr","locations":[{"start":{"line":32,"column":8},"end":{"line":32,"column":20}},{"start":{"line":32,"column":24},"end":{"line":32,"column":47}}]},"6":{"line":39,"type":"binary-expr","locations":[{"start":{"line":39,"column":28},"end":{"line":39,"column":48}},{"start":{"line":39,"column":52},"end":{"line":39,"column":64}}]},"7":{"line":49,"type":"if","locations":[{"start":{"line":49,"column":4},"end":{"line":49,"column":4}},{"start":{"line":49,"column":4},"end":{"line":49,"column":4}}]},"8":{"line":54,"type":"if","locations":[{"start":{"line":54,"column":6},"end":{"line":54,"column":6}},{"start":{"line":54,"column":6},"end":{"line":54,"column":6}}]},"9":{"line":86,"type":"if","locations":[{"start":{"line":86,"column":4},"end":{"line":86,"column":4}},{"start":{"line":86,"column":4},"end":{"line":86,"column":4}}]},"10":{"line":108,"type":"if","locations":[{"start":{"line":108,"column":4},"end":{"line":108,"column":4}},{"start":{"line":108,"column":4},"end":{"line":108,"column":4}}]}}},"/Users/erin.noe-payne/local/super-router/lib/utils.js":{"path":"/Users/erin.noe-payne/local/super-router/lib/utils.js","s":{"1":1,"2":1,"3":150,"4":150,"5":150,"6":150,"7":96,"8":54,"9":33,"10":21,"11":275,"12":2,"13":275,"14":54,"15":535,"16":247,"17":1},"b":{"1":[96,54],"2":[33,21],"3":[2,273],"4":[275,124],"5":[247,244]},"f":{"1":150,"2":275,"3":535,"4":247},"fnMap":{"1":{"name":"(anonymous_1)","line":7,"loc":{"start":{"line":7,"column":21},"end":{"line":7,"column":30}}},"2":{"name":"(anonymous_2)","line":22,"loc":{"start":{"line":22,"column":22},"end":{"line":22,"column":29}}},"3":{"name":"(anonymous_3)","line":31,"loc":{"start":{"line":31,"column":24},"end":{"line":31,"column":33}}},"4":{"name":"(anonymous_4)","line":35,"loc":{"start":{"line":35,"column":22},"end":{"line":35,"column":31}}}},"statementMap":{"1":{"start":{"line":2,"column":0},"end":{"line":2,"column":34}},"2":{"start":{"line":3,"column":0},"end":{"line":3,"column":37}},"3":{"start":{"line":8,"column":4},"end":{"line":8,"column":35}},"4":{"start":{"line":9,"column":4},"end":{"line":9,"column":48}},"5":{"start":{"line":10,"column":4},"end":{"line":10,"column":48}},"6":{"start":{"line":12,"column":4},"end":{"line":14,"column":5}},"7":{"start":{"line":13,"column":6},"end":{"line":13,"column":15}},"8":{"start":{"line":15,"column":4},"end":{"line":17,"column":5}},"9":{"start":{"line":16,"column":6},"end":{"line":16,"column":15}},"10":{"start":{"line":18,"column":4},"end":{"line":18,"column":14}},"11":{"start":{"line":23,"column":4},"end":{"line":25,"column":5}},"12":{"start":{"line":24,"column":6},"end":{"line":24,"column":31}},"13":{"start":{"line":26,"column":4},"end":{"line":28,"column":7}},"14":{"start":{"line":27,"column":6},"end":{"line":27,"column":33}},"15":{"start":{"line":32,"column":4},"end":{"line":32,"column":32}},"16":{"start":{"line":36,"column":4},"end":{"line":36,"column":83}},"17":{"start":{"line":40,"column":0},"end":{"line":40,"column":23}}},"branchMap":{"1":{"line":12,"type":"if","locations":[{"start":{"line":12,"column":4},"end":{"line":12,"column":4}},{"start":{"line":12,"column":4},"end":{"line":12,"column":4}}]},"2":{"line":15,"type":"if","locations":[{"start":{"line":15,"column":4},"end":{"line":15,"column":4}},{"start":{"line":15,"column":4},"end":{"line":15,"column":4}}]},"3":{"line":23,"type":"if","locations":[{"start":{"line":23,"column":4},"end":{"line":23,"column":4}},{"start":{"line":23,"column":4},"end":{"line":23,"column":4}}]},"4":{"line":23,"type":"binary-expr","locations":[{"start":{"line":23,"column":8},"end":{"line":23,"column":28}},{"start":{"line":23,"column":32},"end":{"line":23,"column":47}}]},"5":{"line":36,"type":"binary-expr","locations":[{"start":{"line":36,"column":11},"end":{"line":36,"column":29}},{"start":{"line":36,"column":33},"end":{"line":36,"column":82}}]}}},"/Users/erin.noe-payne/local/super-router/lib/METHODS.js":{"path":"/Users/erin.noe-payne/local/super-router/lib/METHODS.js","s":{"1":1},"b":{},"f":{},"fnMap":{},"statementMap":{"1":{"start":{"line":1,"column":0},"end":{"line":10,"column":2}}},"branchMap":{}},"/Users/erin.noe-payne/local/super-router/lib/Response.js":{"path":"/Users/erin.noe-payne/local/super-router/lib/Response.js","s":{"1":1,"2":1,"3":1,"4":53,"5":53,"6":53,"7":2,"8":55,"9":1,"10":54,"11":0,"12":0,"13":0,"14":0,"15":5,"16":7,"17":2,"18":5,"19":2,"20":3,"21":1,"22":11,"23":4,"24":60,"25":60,"26":8,"27":60,"28":60,"29":2,"30":2,"31":0,"32":58,"33":5,"34":5,"35":1},"b":{"1":[1,54],"2":[2,5],"3":[2,3],"4":[2,58],"5":[5,53]},"f":{"1":53,"2":2,"3":55,"4":0,"5":5,"6":7,"7":1,"8":11,"9":4,"10":60,"11":8},"fnMap":{"1":{"name":"(anonymous_1)","line":10,"loc":{"start":{"line":10,"column":13},"end":{"line":10,"column":16}}},"2":{"name":"(anonymous_2)","line":21,"loc":{"start":{"line":21,"column":16},"end":{"line":21,"column":19}}},"3":{"name":"(anonymous_3)","line":30,"loc":{"start":{"line":30,"column":16},"end":{"line":30,"column":22}}},"4":{"name":"(anonymous_4)","line":42,"loc":{"start":{"line":42,"column":13},"end":{"line":42,"column":16}}},"5":{"name":"(anonymous_5)","line":57,"loc":{"start":{"line":57,"column":11},"end":{"line":57,"column":17}}},"6":{"name":"(anonymous_6)","line":67,"loc":{"start":{"line":67,"column":11},"end":{"line":67,"column":24}}},"7":{"name":"(anonymous_7)","line":82,"loc":{"start":{"line":82,"column":13},"end":{"line":82,"column":19}}},"8":{"name":"(anonymous_8)","line":90,"loc":{"start":{"line":90,"column":10},"end":{"line":90,"column":13}}},"9":{"name":"(anonymous_9)","line":100,"loc":{"start":{"line":100,"column":9},"end":{"line":100,"column":12}}},"10":{"name":"(anonymous_10)","line":111,"loc":{"start":{"line":111,"column":9},"end":{"line":111,"column":16}}},"11":{"name":"(anonymous_11)","line":113,"loc":{"start":{"line":113,"column":29},"end":{"line":113,"column":62}}}},"statementMap":{"1":{"start":{"line":2,"column":0},"end":{"line":2,"column":43}},"2":{"start":{"line":3,"column":0},"end":{"line":3,"column":53}},"3":{"start":{"line":4,"column":0},"end":{"line":4,"column":56}},"4":{"start":{"line":11,"column":4},"end":{"line":11,"column":19}},"5":{"start":{"line":13,"column":4},"end":{"line":13,"column":32}},"6":{"start":{"line":14,"column":4},"end":{"line":14,"column":26}},"7":{"start":{"line":22,"column":4},"end":{"line":22,"column":28}},"8":{"start":{"line":31,"column":4},"end":{"line":33,"column":5}},"9":{"start":{"line":32,"column":6},"end":{"line":32,"column":58}},"10":{"start":{"line":34,"column":4},"end":{"line":34,"column":27}},"11":{"start":{"line":43,"column":4},"end":{"line":43,"column":19}},"12":{"start":{"line":44,"column":4},"end":{"line":46,"column":5}},"13":{"start":{"line":45,"column":6},"end":{"line":45,"column":25}},"14":{"start":{"line":48,"column":4},"end":{"line":48,"column":15}},"15":{"start":{"line":58,"column":4},"end":{"line":58,"column":34}},"16":{"start":{"line":68,"column":4},"end":{"line":70,"column":5}},"17":{"start":{"line":69,"column":6},"end":{"line":69,"column":67}},"18":{"start":{"line":71,"column":4},"end":{"line":73,"column":5}},"19":{"start":{"line":72,"column":6},"end":{"line":72,"column":70}},"20":{"start":{"line":74,"column":4},"end":{"line":74,"column":34}},"21":{"start":{"line":83,"column":4},"end":{"line":83,"column":30}},"22":{"start":{"line":91,"column":4},"end":{"line":91,"column":22}},"23":{"start":{"line":101,"column":4},"end":{"line":101,"column":34}},"24":{"start":{"line":112,"column":4},"end":{"line":112,"column":72}},"25":{"start":{"line":113,"column":4},"end":{"line":115,"column":6}},"26":{"start":{"line":114,"column":6},"end":{"line":114,"column":31}},"27":{"start":{"line":116,"column":4},"end":{"line":116,"column":40}},"28":{"start":{"line":118,"column":4},"end":{"line":127,"column":5}},"29":{"start":{"line":119,"column":6},"end":{"line":119,"column":28}},"30":{"start":{"line":120,"column":6},"end":{"line":122,"column":9}},"31":{"start":{"line":121,"column":8},"end":{"line":121,"column":38}},"32":{"start":{"line":124,"column":9},"end":{"line":127,"column":5}},"33":{"start":{"line":125,"column":6},"end":{"line":125,"column":27}},"34":{"start":{"line":126,"column":6},"end":{"line":126,"column":36}},"35":{"start":{"line":132,"column":0},"end":{"line":132,"column":26}}},"branchMap":{"1":{"line":31,"type":"if","locations":[{"start":{"line":31,"column":4},"end":{"line":31,"column":4}},{"start":{"line":31,"column":4},"end":{"line":31,"column":4}}]},"2":{"line":68,"type":"if","locations":[{"start":{"line":68,"column":4},"end":{"line":68,"column":4}},{"start":{"line":68,"column":4},"end":{"line":68,"column":4}}]},"3":{"line":71,"type":"if","locations":[{"start":{"line":71,"column":4},"end":{"line":71,"column":4}},{"start":{"line":71,"column":4},"end":{"line":71,"column":4}}]},"4":{"line":118,"type":"if","locations":[{"start":{"line":118,"column":4},"end":{"line":118,"column":4}},{"start":{"line":118,"column":4},"end":{"line":118,"column":4}}]},"5":{"line":124,"type":"if","locations":[{"start":{"line":124,"column":9},"end":{"line":124,"column":9}},{"start":{"line":124,"column":9},"end":{"line":124,"column":9}}]}}},"/Users/erin.noe-payne/local/super-router/lib/Route.js":{"path":"/Users/erin.noe-payne/local/super-router/lib/Route.js","s":{"1":1,"2":1,"3":1,"4":1,"5":1,"6":1,"7":1,"8":205,"9":2,"10":203,"11":2,"12":201,"13":1,"14":200,"15":2,"16":198,"17":198,"18":198,"19":198,"20":198,"21":208,"22":273,"23":40,"24":42,"25":52,"26":43,"27":1,"28":42,"29":19,"30":2,"31":17,"32":17,"33":17,"34":1,"35":16,"36":1,"37":15,"38":15,"39":4,"40":11,"41":11,"42":11,"43":1,"44":0,"45":1},"b":{"1":[2,203],"2":[2,201],"3":[1,200],"4":[201,170],"5":[2,198],"6":[200,170],"7":[198,29],"8":[198,30],"9":[42,20],"10":[1,42],"11":[42,41],"12":[2,17],"13":[1,16],"14":[1,15],"15":[4,11]},"f":{"1":205,"2":208,"3":273,"4":40,"5":42,"6":52,"7":43,"8":19,"9":0},"fnMap":{"1":{"name":"(anonymous_1)","line":11,"loc":{"start":{"line":11,"column":13},"end":{"line":11,"column":23}}},"2":{"name":"(anonymous_2)","line":33,"loc":{"start":{"line":33,"column":10},"end":{"line":33,"column":13}}},"3":{"name":"(anonymous_3)","line":37,"loc":{"start":{"line":37,"column":12},"end":{"line":37,"column":15}}},"4":{"name":"(anonymous_4)","line":41,"loc":{"start":{"line":41,"column":13},"end":{"line":41,"column":16}}},"5":{"name":"(anonymous_5)","line":45,"loc":{"start":{"line":45,"column":16},"end":{"line":45,"column":25}}},"6":{"name":"(anonymous_6)","line":49,"loc":{"start":{"line":49,"column":12},"end":{"line":49,"column":19}}},"7":{"name":"(anonymous_7)","line":53,"loc":{"start":{"line":53,"column":9},"end":{"line":53,"column":19}}},"8":{"name":"(anonymous_8)","line":60,"loc":{"start":{"line":60,"column":9},"end":{"line":60,"column":19}}},"9":{"name":"(anonymous_9)","line":88,"loc":{"start":{"line":88,"column":6},"end":{"line":88,"column":9}}}},"statementMap":{"1":{"start":{"line":2,"column":0},"end":{"line":2,"column":38}},"2":{"start":{"line":3,"column":0},"end":{"line":3,"column":33}},"3":{"start":{"line":4,"column":0},"end":{"line":4,"column":39}},"4":{"start":{"line":5,"column":0},"end":{"line":5,"column":41}},"5":{"start":{"line":6,"column":0},"end":{"line":6,"column":41}},"6":{"start":{"line":7,"column":0},"end":{"line":7,"column":42}},"7":{"start":{"line":8,"column":0},"end":{"line":8,"column":44}},"8":{"start":{"line":12,"column":4},"end":{"line":14,"column":5}},"9":{"start":{"line":13,"column":6},"end":{"line":13,"column":56}},"10":{"start":{"line":15,"column":4},"end":{"line":17,"column":5}},"11":{"start":{"line":16,"column":6},"end":{"line":16,"column":57}},"12":{"start":{"line":18,"column":4},"end":{"line":20,"column":5}},"13":{"start":{"line":19,"column":6},"end":{"line":19,"column":52}},"14":{"start":{"line":21,"column":4},"end":{"line":23,"column":5}},"15":{"start":{"line":22,"column":6},"end":{"line":22,"column":67}},"16":{"start":{"line":25,"column":4},"end":{"line":25,"column":64}},"17":{"start":{"line":26,"column":4},"end":{"line":26,"column":73}},"18":{"start":{"line":27,"column":4},"end":{"line":27,"column":36}},"19":{"start":{"line":28,"column":4},"end":{"line":28,"column":48}},"20":{"start":{"line":30,"column":4},"end":{"line":30,"column":28}},"21":{"start":{"line":34,"column":4},"end":{"line":34,"column":22}},"22":{"start":{"line":38,"column":4},"end":{"line":38,"column":24}},"23":{"start":{"line":42,"column":4},"end":{"line":42,"column":25}},"24":{"start":{"line":46,"column":4},"end":{"line":46,"column":92}},"25":{"start":{"line":50,"column":4},"end":{"line":50,"column":36}},"26":{"start":{"line":54,"column":4},"end":{"line":56,"column":5}},"27":{"start":{"line":55,"column":6},"end":{"line":55,"column":89}},"28":{"start":{"line":57,"column":4},"end":{"line":57,"column":92}},"29":{"start":{"line":61,"column":4},"end":{"line":63,"column":5}},"30":{"start":{"line":62,"column":6},"end":{"line":62,"column":56}},"31":{"start":{"line":65,"column":4},"end":{"line":65,"column":37}},"32":{"start":{"line":66,"column":4},"end":{"line":66,"column":38}},"33":{"start":{"line":68,"column":4},"end":{"line":70,"column":5}},"34":{"start":{"line":69,"column":6},"end":{"line":69,"column":73}},"35":{"start":{"line":71,"column":4},"end":{"line":73,"column":5}},"36":{"start":{"line":72,"column":6},"end":{"line":72,"column":75}},"37":{"start":{"line":75,"column":4},"end":{"line":75,"column":29}},"38":{"start":{"line":76,"column":4},"end":{"line":78,"column":5}},"39":{"start":{"line":77,"column":6},"end":{"line":77,"column":17}},"40":{"start":{"line":79,"column":4},"end":{"line":85,"column":5}},"41":{"start":{"line":80,"column":6},"end":{"line":80,"column":58}},"42":{"start":{"line":81,"column":6},"end":{"line":81,"column":38}},"43":{"start":{"line":84,"column":6},"end":{"line":84,"column":27}},"44":{"start":{"line":89,"column":4},"end":{"line":92,"column":6}},"45":{"start":{"line":97,"column":0},"end":{"line":97,"column":23}}},"branchMap":{"1":{"line":12,"type":"if","locations":[{"start":{"line":12,"column":4},"end":{"line":12,"column":4}},{"start":{"line":12,"column":4},"end":{"line":12,"column":4}}]},"2":{"line":15,"type":"if","locations":[{"start":{"line":15,"column":4},"end":{"line":15,"column":4}},{"start":{"line":15,"column":4},"end":{"line":15,"column":4}}]},"3":{"line":18,"type":"if","locations":[{"start":{"line":18,"column":4},"end":{"line":18,"column":4}},{"start":{"line":18,"column":4},"end":{"line":18,"column":4}}]},"4":{"line":18,"type":"binary-expr","locations":[{"start":{"line":18,"column":8},"end":{"line":18,"column":20}},{"start":{"line":18,"column":24},"end":{"line":18,"column":49}}]},"5":{"line":21,"type":"if","locations":[{"start":{"line":21,"column":4},"end":{"line":21,"column":4}},{"start":{"line":21,"column":4},"end":{"line":21,"column":4}}]},"6":{"line":21,"type":"binary-expr","locations":[{"start":{"line":21,"column":8},"end":{"line":21,"column":22}},{"start":{"line":21,"column":26},"end":{"line":21,"column":62}}]},"7":{"line":25,"type":"binary-expr","locations":[{"start":{"line":25,"column":40},"end":{"line":25,"column":52}},{"start":{"line":25,"column":56},"end":{"line":25,"column":62}}]},"8":{"line":26,"type":"binary-expr","locations":[{"start":{"line":26,"column":42},"end":{"line":26,"column":56}},{"start":{"line":26,"column":60},"end":{"line":26,"column":71}}]},"9":{"line":46,"type":"binary-expr","locations":[{"start":{"line":46,"column":12},"end":{"line":46,"column":39}},{"start":{"line":46,"column":45},"end":{"line":46,"column":90}}]},"10":{"line":54,"type":"if","locations":[{"start":{"line":54,"column":4},"end":{"line":54,"column":4}},{"start":{"line":54,"column":4},"end":{"line":54,"column":4}}]},"11":{"line":57,"type":"binary-expr","locations":[{"start":{"line":57,"column":11},"end":{"line":57,"column":46}},{"start":{"line":57,"column":50},"end":{"line":57,"column":91}}]},"12":{"line":61,"type":"if","locations":[{"start":{"line":61,"column":4},"end":{"line":61,"column":4}},{"start":{"line":61,"column":4},"end":{"line":61,"column":4}}]},"13":{"line":68,"type":"if","locations":[{"start":{"line":68,"column":4},"end":{"line":68,"column":4}},{"start":{"line":68,"column":4},"end":{"line":68,"column":4}}]},"14":{"line":71,"type":"if","locations":[{"start":{"line":71,"column":4},"end":{"line":71,"column":4}},{"start":{"line":71,"column":4},"end":{"line":71,"column":4}}]},"15":{"line":76,"type":"if","locations":[{"start":{"line":76,"column":4},"end":{"line":76,"column":4}},{"start":{"line":76,"column":4},"end":{"line":76,"column":4}}]}}},"/Users/erin.noe-payne/local/super-router/lib/index.js":{"path":"/Users/erin.noe-payne/local/super-router/lib/index.js","s":{"1":1,"2":1,"3":1,"4":1,"5":1},"b":{},"f":{},"fnMap":{},"statementMap":{"1":{"start":{"line":3,"column":0},"end":{"line":3,"column":40}},"2":{"start":{"line":4,"column":0},"end":{"line":4,"column":41}},"3":{"start":{"line":5,"column":0},"end":{"line":5,"column":39}},"4":{"start":{"line":6,"column":0},"end":{"line":6,"column":36}},"5":{"start":{"line":7,"column":0},"end":{"line":7,"column":45}}},"branchMap":{}},"/Users/erin.noe-payne/local/super-router/lib/Router.js":{"path":"/Users/erin.noe-payne/local/super-router/lib/Router.js","s":{"1":11,"2":11,"3":11,"4":11,"5":11,"6":11,"7":15,"8":15,"9":15,"10":15,"11":14,"12":13,"13":14,"14":2,"15":12,"16":3,"17":3,"18":2,"19":2,"20":2,"21":1,"22":11},"b":{"1":[13,1],"2":[2,12],"3":[14,13],"4":[1,1]},"f":{"1":15,"2":14,"3":3,"4":2},"fnMap":{"1":{"name":"(anonymous_1)","line":15,"loc":{"start":{"line":15,"column":13},"end":{"line":15,"column":16}}},"2":{"name":"(anonymous_2)","line":50,"loc":{"start":{"line":50,"column":10},"end":{"line":50,"column":18}}},"3":{"name":"(anonymous_3)","line":73,"loc":{"start":{"line":73,"column":7},"end":{"line":73,"column":17}}},"4":{"name":"(anonymous_4)","line":89,"loc":{"start":{"line":89,"column":9},"end":{"line":89,"column":19}}}},"statementMap":{"1":{"start":{"line":3,"column":0},"end":{"line":3,"column":37}},"2":{"start":{"line":4,"column":0},"end":{"line":4,"column":41}},"3":{"start":{"line":5,"column":0},"end":{"line":5,"column":39}},"4":{"start":{"line":6,"column":0},"end":{"line":6,"column":40}},"5":{"start":{"line":8,"column":0},"end":{"line":8,"column":22}},"6":{"start":{"line":9,"column":0},"end":{"line":9,"column":22}},"7":{"start":{"line":16,"column":4},"end":{"line":16,"column":26}},"8":{"start":{"line":17,"column":4},"end":{"line":17,"column":39}},"9":{"start":{"line":19,"column":4},"end":{"line":19,"column":41}},"10":{"start":{"line":20,"column":4},"end":{"line":20,"column":43}},"11":{"start":{"line":51,"column":4},"end":{"line":53,"column":5}},"12":{"start":{"line":52,"column":6},"end":{"line":52,"column":31}},"13":{"start":{"line":55,"column":4},"end":{"line":57,"column":5}},"14":{"start":{"line":56,"column":6},"end":{"line":56,"column":86}},"15":{"start":{"line":59,"column":4},"end":{"line":59,"column":37}},"16":{"start":{"line":74,"column":4},"end":{"line":74,"column":36}},"17":{"start":{"line":76,"column":4},"end":{"line":76,"column":58}},"18":{"start":{"line":90,"column":4},"end":{"line":90,"column":37}},"19":{"start":{"line":91,"column":4},"end":{"line":91,"column":38}},"20":{"start":{"line":93,"column":4},"end":{"line":95,"column":5}},"21":{"start":{"line":94,"column":6},"end":{"line":94,"column":65}},"22":{"start":{"line":100,"column":0},"end":{"line":100,"column":24}}},"branchMap":{"1":{"line":51,"type":"if","locations":[{"start":{"line":51,"column":4},"end":{"line":51,"column":4}},{"start":{"line":51,"column":4},"end":{"line":51,"column":4}}]},"2":{"line":55,"type":"if","locations":[{"start":{"line":55,"column":4},"end":{"line":55,"column":4}},{"start":{"line":55,"column":4},"end":{"line":55,"column":4}}]},"3":{"line":55,"type":"binary-expr","locations":[{"start":{"line":55,"column":8},"end":{"line":55,"column":31}},{"start":{"line":55,"column":35},"end":{"line":55,"column":61}}]},"4":{"line":93,"type":"if","locations":[{"start":{"line":93,"column":4},"end":{"line":93,"column":4}},{"start":{"line":93,"column":4},"end":{"line":93,"column":4}}]}}},"/Users/erin.noe-payne/local/super-router/lib/RouteTree.js":{"path":"/Users/erin.noe-payne/local/super-router/lib/RouteTree.js","s":{"1":1,"2":1,"3":1,"4":0,"5":0,"6":0,"7":1},"b":{},"f":{"1":0,"2":0,"3":0},"fnMap":{"1":{"name":"(anonymous_1)","line":8,"loc":{"start":{"line":8,"column":13},"end":{"line":8,"column":16}}},"2":{"name":"(anonymous_2)","line":12,"loc":{"start":{"line":12,"column":10},"end":{"line":12,"column":18}}},"3":{"name":"(anonymous_3)","line":16,"loc":{"start":{"line":16,"column":6},"end":{"line":16,"column":16}}}},"statementMap":{"1":{"start":{"line":3,"column":0},"end":{"line":3,"column":32}},"2":{"start":{"line":4,"column":0},"end":{"line":4,"column":32}},"3":{"start":{"line":5,"column":0},"end":{"line":5,"column":33}},"4":{"start":{"line":9,"column":4},"end":{"line":9,"column":42}},"5":{"start":{"line":13,"column":4},"end":{"line":13,"column":36}},"6":{"start":{"line":17,"column":4},"end":{"line":17,"column":36}},"7":{"start":{"line":22,"column":0},"end":{"line":22,"column":27}}},"branchMap":{}},"/Users/erin.noe-payne/local/super-router/lib/Node.js":{"path":"/Users/erin.noe-payne/local/super-router/lib/Node.js","s":{"1":1,"2":1,"3":1,"4":1,"5":1,"6":81,"7":2,"8":79,"9":2,"10":77,"11":1,"12":76,"13":76,"14":76,"15":76,"16":76,"17":0,"18":0,"19":341,"20":8,"21":91,"22":79,"23":91,"24":1,"25":90,"26":1,"27":89,"28":52,"29":0,"30":52,"31":1,"32":51,"33":4,"34":5,"35":26,"36":124,"37":23,"38":12,"39":0,"40":12,"41":2,"42":10,"43":3,"44":7,"45":11,"46":4,"47":3,"48":3,"49":3,"50":6,"51":4,"52":4,"53":3,"54":8,"55":8,"56":3,"57":3,"58":2,"59":6,"60":5,"61":5,"62":1,"63":5,"64":0,"65":0,"66":0,"67":0,"68":1},"b":{"1":[2,79],"2":[2,77],"3":[1,76],"4":[79,12],"5":[1,90],"6":[1,89],"7":[0,52],"8":[1,51],"9":[23,20],"10":[0,12],"11":[2,10],"12":[3,7],"13":[4,7],"14":[4,2],"15":[3,5],"16":[2,1],"17":[1,4]},"f":{"1":81,"2":341,"3":8,"4":91,"5":52,"6":4,"7":5,"8":26,"9":124,"10":23,"11":12,"12":8,"13":0},"fnMap":{"1":{"name":"(anonymous_1)","line":9,"loc":{"start":{"line":9,"column":13},"end":{"line":9,"column":23}}},"2":{"name":"(anonymous_2)","line":36,"loc":{"start":{"line":36,"column":10},"end":{"line":36,"column":13}}},"3":{"name":"(anonymous_3)","line":40,"loc":{"start":{"line":40,"column":12},"end":{"line":40,"column":19}}},"4":{"name":"(anonymous_4)","line":44,"loc":{"start":{"line":44,"column":10},"end":{"line":44,"column":18}}},"5":{"name":"(anonymous_5)","line":57,"loc":{"start":{"line":57,"column":10},"end":{"line":57,"column":17}}},"6":{"name":"(anonymous_6)","line":68,"loc":{"start":{"line":68,"column":13},"end":{"line":68,"column":16}}},"7":{"name":"(anonymous_7)","line":72,"loc":{"start":{"line":72,"column":11},"end":{"line":72,"column":14}}},"8":{"name":"(anonymous_8)","line":76,"loc":{"start":{"line":76,"column":10},"end":{"line":76,"column":18}}},"9":{"name":"(anonymous_9)","line":80,"loc":{"start":{"line":80,"column":8},"end":{"line":80,"column":16}}},"10":{"name":"(anonymous_10)","line":84,"loc":{"start":{"line":84,"column":11},"end":{"line":84,"column":19}}},"11":{"name":"(anonymous_11)","line":88,"loc":{"start":{"line":88,"column":8},"end":{"line":88,"column":16}}},"12":{"name":"(anonymous_12)","line":118,"loc":{"start":{"line":118,"column":6},"end":{"line":118,"column":16}}},"13":{"name":"(anonymous_13)","line":137,"loc":{"start":{"line":137,"column":6},"end":{"line":137,"column":9}}}},"statementMap":{"1":{"start":{"line":2,"column":0},"end":{"line":2,"column":38}},"2":{"start":{"line":3,"column":0},"end":{"line":3,"column":39}},"3":{"start":{"line":4,"column":0},"end":{"line":4,"column":39}},"4":{"start":{"line":5,"column":0},"end":{"line":5,"column":41}},"5":{"start":{"line":6,"column":0},"end":{"line":6,"column":44}},"6":{"start":{"line":10,"column":4},"end":{"line":12,"column":5}},"7":{"start":{"line":11,"column":6},"end":{"line":11,"column":56}},"8":{"start":{"line":13,"column":4},"end":{"line":15,"column":5}},"9":{"start":{"line":14,"column":6},"end":{"line":14,"column":52}},"10":{"start":{"line":16,"column":4},"end":{"line":18,"column":5}},"11":{"start":{"line":17,"column":6},"end":{"line":17,"column":65}},"12":{"start":{"line":20,"column":4},"end":{"line":20,"column":34}},"13":{"start":{"line":21,"column":4},"end":{"line":21,"column":49}},"14":{"start":{"line":22,"column":4},"end":{"line":22,"column":31}},"15":{"start":{"line":23,"column":4},"end":{"line":23,"column":31}},"16":{"start":{"line":25,"column":4},"end":{"line":33,"column":7}},"17":{"start":{"line":29,"column":8},"end":{"line":29,"column":42}},"18":{"start":{"line":31,"column":8},"end":{"line":31,"column":38}},"19":{"start":{"line":37,"column":4},"end":{"line":37,"column":22}},"20":{"start":{"line":41,"column":4},"end":{"line":41,"column":36}},"21":{"start":{"line":45,"column":4},"end":{"line":47,"column":5}},"22":{"start":{"line":46,"column":6},"end":{"line":46,"column":31}},"23":{"start":{"line":48,"column":4},"end":{"line":50,"column":5}},"24":{"start":{"line":49,"column":6},"end":{"line":49,"column":62}},"25":{"start":{"line":51,"column":4},"end":{"line":53,"column":5}},"26":{"start":{"line":52,"column":6},"end":{"line":52,"column":95}},"27":{"start":{"line":54,"column":4},"end":{"line":54,"column":42}},"28":{"start":{"line":58,"column":4},"end":{"line":60,"column":5}},"29":{"start":{"line":59,"column":6},"end":{"line":59,"column":28}},"30":{"start":{"line":61,"column":4},"end":{"line":63,"column":5}},"31":{"start":{"line":62,"column":6},"end":{"line":62,"column":77}},"32":{"start":{"line":65,"column":4},"end":{"line":65,"column":40}},"33":{"start":{"line":69,"column":4},"end":{"line":69,"column":47}},"34":{"start":{"line":73,"column":4},"end":{"line":73,"column":45}},"35":{"start":{"line":77,"column":4},"end":{"line":77,"column":59}},"36":{"start":{"line":81,"column":4},"end":{"line":81,"column":59}},"37":{"start":{"line":85,"column":4},"end":{"line":85,"column":54}},"38":{"start":{"line":89,"column":4},"end":{"line":91,"column":5}},"39":{"start":{"line":90,"column":6},"end":{"line":90,"column":31}},"40":{"start":{"line":93,"column":4},"end":{"line":95,"column":5}},"41":{"start":{"line":94,"column":6},"end":{"line":94,"column":115}},"42":{"start":{"line":97,"column":4},"end":{"line":99,"column":5}},"43":{"start":{"line":98,"column":6},"end":{"line":98,"column":34}},"44":{"start":{"line":101,"column":4},"end":{"line":105,"column":5}},"45":{"start":{"line":102,"column":6},"end":{"line":104,"column":7}},"46":{"start":{"line":103,"column":8},"end":{"line":103,"column":35}},"47":{"start":{"line":107,"column":4},"end":{"line":107,"column":52}},"48":{"start":{"line":108,"column":4},"end":{"line":108,"column":28}},"49":{"start":{"line":109,"column":4},"end":{"line":114,"column":7}},"50":{"start":{"line":110,"column":6},"end":{"line":113,"column":7}},"51":{"start":{"line":111,"column":8},"end":{"line":111,"column":36}},"52":{"start":{"line":112,"column":8},"end":{"line":112,"column":32}},"53":{"start":{"line":115,"column":4},"end":{"line":115,"column":27}},"54":{"start":{"line":119,"column":4},"end":{"line":119,"column":14}},"55":{"start":{"line":120,"column":4},"end":{"line":125,"column":5}},"56":{"start":{"line":121,"column":6},"end":{"line":121,"column":47}},"57":{"start":{"line":122,"column":6},"end":{"line":124,"column":7}},"58":{"start":{"line":123,"column":8},"end":{"line":123,"column":21}},"59":{"start":{"line":127,"column":4},"end":{"line":132,"column":5}},"60":{"start":{"line":128,"column":6},"end":{"line":128,"column":34}},"61":{"start":{"line":129,"column":6},"end":{"line":131,"column":7}},"62":{"start":{"line":130,"column":8},"end":{"line":130,"column":21}},"63":{"start":{"line":134,"column":4},"end":{"line":134,"column":16}},"64":{"start":{"line":138,"column":4},"end":{"line":145,"column":6}},"65":{"start":{"line":140,"column":8},"end":{"line":140,"column":28}},"66":{"start":{"line":143,"column":8},"end":{"line":143,"column":30}},"67":{"start":{"line":146,"column":4},"end":{"line":146,"column":16}},"68":{"start":{"line":150,"column":0},"end":{"line":150,"column":22}}},"branchMap":{"1":{"line":10,"type":"if","locations":[{"start":{"line":10,"column":4},"end":{"line":10,"column":4}},{"start":{"line":10,"column":4},"end":{"line":10,"column":4}}]},"2":{"line":13,"type":"if","locations":[{"start":{"line":13,"column":4},"end":{"line":13,"column":4}},{"start":{"line":13,"column":4},"end":{"line":13,"column":4}}]},"3":{"line":16,"type":"if","locations":[{"start":{"line":16,"column":4},"end":{"line":16,"column":4}},{"start":{"line":16,"column":4},"end":{"line":16,"column":4}}]},"4":{"line":45,"type":"if","locations":[{"start":{"line":45,"column":4},"end":{"line":45,"column":4}},{"start":{"line":45,"column":4},"end":{"line":45,"column":4}}]},"5":{"line":48,"type":"if","locations":[{"start":{"line":48,"column":4},"end":{"line":48,"column":4}},{"start":{"line":48,"column":4},"end":{"line":48,"column":4}}]},"6":{"line":51,"type":"if","locations":[{"start":{"line":51,"column":4},"end":{"line":51,"column":4}},{"start":{"line":51,"column":4},"end":{"line":51,"column":4}}]},"7":{"line":58,"type":"if","locations":[{"start":{"line":58,"column":4},"end":{"line":58,"column":4}},{"start":{"line":58,"column":4},"end":{"line":58,"column":4}}]},"8":{"line":61,"type":"if","locations":[{"start":{"line":61,"column":4},"end":{"line":61,"column":4}},{"start":{"line":61,"column":4},"end":{"line":61,"column":4}}]},"9":{"line":85,"type":"binary-expr","locations":[{"start":{"line":85,"column":11},"end":{"line":85,"column":29}},{"start":{"line":85,"column":33},"end":{"line":85,"column":53}}]},"10":{"line":89,"type":"if","locations":[{"start":{"line":89,"column":4},"end":{"line":89,"column":4}},{"start":{"line":89,"column":4},"end":{"line":89,"column":4}}]},"11":{"line":93,"type":"if","locations":[{"start":{"line":93,"column":4},"end":{"line":93,"column":4}},{"start":{"line":93,"column":4},"end":{"line":93,"column":4}}]},"12":{"line":97,"type":"if","locations":[{"start":{"line":97,"column":4},"end":{"line":97,"column":4}},{"start":{"line":97,"column":4},"end":{"line":97,"column":4}}]},"13":{"line":102,"type":"if","locations":[{"start":{"line":102,"column":6},"end":{"line":102,"column":6}},{"start":{"line":102,"column":6},"end":{"line":102,"column":6}}]},"14":{"line":110,"type":"if","locations":[{"start":{"line":110,"column":6},"end":{"line":110,"column":6}},{"start":{"line":110,"column":6},"end":{"line":110,"column":6}}]},"15":{"line":120,"type":"if","locations":[{"start":{"line":120,"column":4},"end":{"line":120,"column":4}},{"start":{"line":120,"column":4},"end":{"line":120,"column":4}}]},"16":{"line":122,"type":"if","locations":[{"start":{"line":122,"column":6},"end":{"line":122,"column":6}},{"start":{"line":122,"column":6},"end":{"line":122,"column":6}}]},"17":{"line":129,"type":"if","locations":[{"start":{"line":129,"column":6},"end":{"line":129,"column":6}},{"start":{"line":129,"column":6},"end":{"line":129,"column":6}}]}}},"/Users/erin.noe-payne/local/super-router/lib/App.js":{"path":"/Users/erin.noe-payne/local/super-router/lib/App.js","s":{"1":9,"2":9,"3":9,"4":9,"5":9,"6":28,"7":28,"8":32,"9":1,"10":32,"11":2,"12":32,"13":32,"14":31,"15":1,"16":31,"17":2,"18":31,"19":31,"20":13,"21":1,"22":13,"23":13,"24":13,"25":23,"26":17,"27":13,"28":22,"29":1,"30":21,"31":10,"32":13,"33":12,"34":9},"b":{"1":[1,31],"2":[2,30],"3":[1,30],"4":[2,29],"5":[1,12],"6":[1,21]},"f":{"1":28,"2":32,"3":31,"4":13},"fnMap":{"1":{"name":"(anonymous_1)","line":12,"loc":{"start":{"line":12,"column":13},"end":{"line":12,"column":16}}},"2":{"name":"(anonymous_2)","line":45,"loc":{"start":{"line":45,"column":5},"end":{"line":45,"column":13}}},"3":{"name":"(anonymous_3)","line":82,"loc":{"start":{"line":82,"column":10},"end":{"line":82,"column":18}}},"4":{"name":"(anonymous_4)","line":103,"loc":{"start":{"line":103,"column":16},"end":{"line":103,"column":26}}}},"statementMap":{"1":{"start":{"line":2,"column":0},"end":{"line":2,"column":35}},"2":{"start":{"line":3,"column":0},"end":{"line":3,"column":36}},"3":{"start":{"line":4,"column":0},"end":{"line":4,"column":38}},"4":{"start":{"line":5,"column":0},"end":{"line":5,"column":39}},"5":{"start":{"line":6,"column":0},"end":{"line":6,"column":30}},"6":{"start":{"line":13,"column":4},"end":{"line":13,"column":31}},"7":{"start":{"line":14,"column":4},"end":{"line":14,"column":31}},"8":{"start":{"line":46,"column":4},"end":{"line":48,"column":5}},"9":{"start":{"line":47,"column":6},"end":{"line":47,"column":34}},"10":{"start":{"line":49,"column":4},"end":{"line":51,"column":5}},"11":{"start":{"line":50,"column":6},"end":{"line":50,"column":31}},"12":{"start":{"line":53,"column":4},"end":{"line":53,"column":33}},"13":{"start":{"line":54,"column":4},"end":{"line":54,"column":16}},"14":{"start":{"line":83,"column":4},"end":{"line":85,"column":5}},"15":{"start":{"line":84,"column":6},"end":{"line":84,"column":34}},"16":{"start":{"line":87,"column":4},"end":{"line":89,"column":5}},"17":{"start":{"line":88,"column":6},"end":{"line":88,"column":31}},"18":{"start":{"line":91,"column":4},"end":{"line":91,"column":38}},"19":{"start":{"line":92,"column":4},"end":{"line":92,"column":16}},"20":{"start":{"line":104,"column":4},"end":{"line":106,"column":5}},"21":{"start":{"line":105,"column":6},"end":{"line":105,"column":37}},"22":{"start":{"line":108,"column":4},"end":{"line":108,"column":25}},"23":{"start":{"line":109,"column":4},"end":{"line":109,"column":36}},"24":{"start":{"line":110,"column":4},"end":{"line":114,"column":7}},"25":{"start":{"line":111,"column":6},"end":{"line":113,"column":9}},"26":{"start":{"line":112,"column":8},"end":{"line":112,"column":52}},"27":{"start":{"line":115,"column":4},"end":{"line":122,"column":7}},"28":{"start":{"line":116,"column":6},"end":{"line":118,"column":7}},"29":{"start":{"line":117,"column":8},"end":{"line":117,"column":15}},"30":{"start":{"line":119,"column":6},"end":{"line":121,"column":9}},"31":{"start":{"line":120,"column":8},"end":{"line":120,"column":59}},"32":{"start":{"line":124,"column":4},"end":{"line":126,"column":7}},"33":{"start":{"line":125,"column":6},"end":{"line":125,"column":22}},"34":{"start":{"line":130,"column":0},"end":{"line":130,"column":21}}},"branchMap":{"1":{"line":46,"type":"if","locations":[{"start":{"line":46,"column":4},"end":{"line":46,"column":4}},{"start":{"line":46,"column":4},"end":{"line":46,"column":4}}]},"2":{"line":49,"type":"if","locations":[{"start":{"line":49,"column":4},"end":{"line":49,"column":4}},{"start":{"line":49,"column":4},"end":{"line":49,"column":4}}]},"3":{"line":83,"type":"if","locations":[{"start":{"line":83,"column":4},"end":{"line":83,"column":4}},{"start":{"line":83,"column":4},"end":{"line":83,"column":4}}]},"4":{"line":87,"type":"if","locations":[{"start":{"line":87,"column":4},"end":{"line":87,"column":4}},{"start":{"line":87,"column":4},"end":{"line":87,"column":4}}]},"5":{"line":104,"type":"if","locations":[{"start":{"line":104,"column":4},"end":{"line":104,"column":4}},{"start":{"line":104,"column":4},"end":{"line":104,"column":4}}]},"6":{"line":116,"type":"if","locations":[{"start":{"line":116,"column":6},"end":{"line":116,"column":6}},{"start":{"line":116,"column":6},"end":{"line":116,"column":6}}]}}},"/Users/erin.noe-payne/local/super-router/lib/middleware/index.js":{"path":"/Users/erin.noe-payne/local/super-router/lib/middleware/index.js","s":{"1":1},"b":{},"f":{},"fnMap":{},"statementMap":{"1":{"start":{"line":3,"column":0},"end":{"line":3,"column":62}}},"branchMap":{}},"/Users/erin.noe-payne/local/super-router/lib/middleware/ContentNegotiation.js":{"path":"/Users/erin.noe-payne/local/super-router/lib/middleware/ContentNegotiation.js","s":{"1":1,"2":1,"3":4,"4":4,"5":0,"6":4,"7":4,"8":4,"9":3,"10":3,"11":2,"12":4,"13":4,"14":4,"15":4,"16":1,"17":1,"18":1,"19":1,"20":4,"21":4,"22":0,"23":4,"24":1},"b":{"1":[0,4],"2":[0,4],"3":[4,0]},"f":{"1":4,"2":1,"3":4},"fnMap":{"1":{"name":"(anonymous_1)","line":8,"loc":{"start":{"line":8,"column":16},"end":{"line":8,"column":23}}},"2":{"name":"(anonymous_2)","line":34,"loc":{"start":{"line":34,"column":17},"end":{"line":34,"column":24}}},"3":{"name":"_isMultipart","line":43,"loc":{"start":{"line":43,"column":0},"end":{"line":43,"column":31}}}},"statementMap":{"1":{"start":{"line":3,"column":0},"end":{"line":3,"column":28}},"2":{"start":{"line":4,"column":0},"end":{"line":4,"column":23}},"3":{"start":{"line":9,"column":4},"end":{"line":9,"column":33}},"4":{"start":{"line":11,"column":4},"end":{"line":13,"column":5}},"5":{"start":{"line":12,"column":6},"end":{"line":12,"column":13}},"6":{"start":{"line":15,"column":4},"end":{"line":15,"column":31}},"7":{"start":{"line":16,"column":4},"end":{"line":16,"column":23}},"8":{"start":{"line":17,"column":4},"end":{"line":24,"column":7}},"9":{"start":{"line":18,"column":6},"end":{"line":23,"column":7}},"10":{"start":{"line":19,"column":8},"end":{"line":19,"column":36}},"11":{"start":{"line":22,"column":8},"end":{"line":22,"column":71}},"12":{"start":{"line":26,"column":4},"end":{"line":29,"column":7}},"13":{"start":{"line":27,"column":6},"end":{"line":27,"column":29}},"14":{"start":{"line":28,"column":6},"end":{"line":28,"column":25}},"15":{"start":{"line":31,"column":4},"end":{"line":31,"column":28}},"16":{"start":{"line":35,"column":4},"end":{"line":35,"column":35}},"17":{"start":{"line":37,"column":4},"end":{"line":37,"column":59}},"18":{"start":{"line":38,"column":4},"end":{"line":38,"column":64}},"19":{"start":{"line":43,"column":0},"end":{"line":50,"column":1}},"20":{"start":{"line":44,"column":2},"end":{"line":44,"column":61}},"21":{"start":{"line":45,"column":2},"end":{"line":47,"column":3}},"22":{"start":{"line":46,"column":4},"end":{"line":46,"column":16}},"23":{"start":{"line":49,"column":2},"end":{"line":49,"column":15}},"24":{"start":{"line":52,"column":0},"end":{"line":52,"column":36}}},"branchMap":{"1":{"line":11,"type":"if","locations":[{"start":{"line":11,"column":4},"end":{"line":11,"column":4}},{"start":{"line":11,"column":4},"end":{"line":11,"column":4}}]},"2":{"line":45,"type":"if","locations":[{"start":{"line":45,"column":2},"end":{"line":45,"column":2}},{"start":{"line":45,"column":2},"end":{"line":45,"column":2}}]},"3":{"line":45,"type":"binary-expr","locations":[{"start":{"line":45,"column":6},"end":{"line":45,"column":17}},{"start":{"line":45,"column":21},"end":{"line":45,"column":70}}]}}}}