{"/Users/erin.noe-payne/local/super-router/lib/Request.js":{"path":"/Users/erin.noe-payne/local/super-router/lib/Request.js","s":{"1":1,"2":1,"3":1,"4":1,"5":82,"6":2,"7":80,"8":80,"9":80,"10":1,"11":79,"12":1,"13":78,"14":75,"15":72,"16":72,"17":72,"18":33,"19":72,"20":72,"21":4,"22":72,"23":7,"24":72,"25":226,"26":3,"27":5,"28":135,"29":81,"30":4,"31":77,"32":120,"33":77,"34":4,"35":73,"36":71,"37":71,"38":34,"39":71,"40":4,"41":26,"42":5,"43":1},"b":{"1":[2,80],"2":[1,79],"3":[80,77],"4":[1,78],"5":[79,8],"6":[72,70],"7":[7,65],"8":[3,223],"9":[4,77],"10":[4,73]},"f":{"1":82,"2":4,"3":5,"4":135,"5":81,"6":120,"7":77,"8":71,"9":4,"10":26,"11":5},"fnMap":{"1":{"name":"(anonymous_1)","line":21,"loc":{"start":{"line":21,"column":13},"end":{"line":21,"column":23}}},"2":{"name":"(anonymous_2)","line":45,"loc":{"start":{"line":45,"column":28},"end":{"line":45,"column":61}}},"3":{"name":"(anonymous_3)","line":65,"loc":{"start":{"line":65,"column":18},"end":{"line":65,"column":21}}},"4":{"name":"(anonymous_4)","line":74,"loc":{"start":{"line":74,"column":10},"end":{"line":74,"column":13}}},"5":{"name":"(anonymous_5)","line":84,"loc":{"start":{"line":84,"column":10},"end":{"line":84,"column":17}}},"6":{"name":"(anonymous_6)","line":96,"loc":{"start":{"line":96,"column":12},"end":{"line":96,"column":15}}},"7":{"name":"(anonymous_7)","line":106,"loc":{"start":{"line":106,"column":12},"end":{"line":106,"column":21}}},"8":{"name":"(anonymous_8)","line":118,"loc":{"start":{"line":118,"column":13},"end":{"line":118,"column":16}}},"9":{"name":"(anonymous_9)","line":133,"loc":{"start":{"line":133,"column":11},"end":{"line":133,"column":17}}},"10":{"name":"(anonymous_10)","line":142,"loc":{"start":{"line":142,"column":10},"end":{"line":142,"column":13}}},"11":{"name":"(anonymous_11)","line":152,"loc":{"start":{"line":152,"column":10},"end":{"line":152,"column":16}}}},"statementMap":{"1":{"start":{"line":2,"column":0},"end":{"line":2,"column":43}},"2":{"start":{"line":3,"column":0},"end":{"line":3,"column":44}},"3":{"start":{"line":4,"column":0},"end":{"line":4,"column":53}},"4":{"start":{"line":5,"column":0},"end":{"line":5,"column":56}},"5":{"start":{"line":22,"column":4},"end":{"line":24,"column":5}},"6":{"start":{"line":23,"column":6},"end":{"line":23,"column":56}},"7":{"start":{"line":26,"column":4},"end":{"line":26,"column":36}},"8":{"start":{"line":27,"column":4},"end":{"line":27,"column":33}},"9":{"start":{"line":29,"column":4},"end":{"line":31,"column":5}},"10":{"start":{"line":30,"column":6},"end":{"line":30,"column":56}},"11":{"start":{"line":32,"column":4},"end":{"line":34,"column":5}},"12":{"start":{"line":33,"column":6},"end":{"line":33,"column":61}},"13":{"start":{"line":36,"column":4},"end":{"line":36,"column":31}},"14":{"start":{"line":37,"column":4},"end":{"line":37,"column":33}},"15":{"start":{"line":39,"column":4},"end":{"line":39,"column":65}},"16":{"start":{"line":40,"column":4},"end":{"line":40,"column":38}},"17":{"start":{"line":41,"column":4},"end":{"line":43,"column":7}},"18":{"start":{"line":42,"column":6},"end":{"line":42,"column":44}},"19":{"start":{"line":44,"column":4},"end":{"line":44,"column":50}},"20":{"start":{"line":45,"column":4},"end":{"line":47,"column":6}},"21":{"start":{"line":46,"column":6},"end":{"line":46,"column":31}},"22":{"start":{"line":48,"column":4},"end":{"line":50,"column":5}},"23":{"start":{"line":49,"column":6},"end":{"line":49,"column":28}},"24":{"start":{"line":52,"column":4},"end":{"line":56,"column":7}},"25":{"start":{"line":53,"column":6},"end":{"line":55,"column":7}},"26":{"start":{"line":54,"column":8},"end":{"line":54,"column":20}},"27":{"start":{"line":66,"column":4},"end":{"line":66,"column":30}},"28":{"start":{"line":75,"column":4},"end":{"line":75,"column":22}},"29":{"start":{"line":85,"column":4},"end":{"line":87,"column":5}},"30":{"start":{"line":86,"column":6},"end":{"line":86,"column":52}},"31":{"start":{"line":88,"column":4},"end":{"line":88,"column":43}},"32":{"start":{"line":97,"column":4},"end":{"line":97,"column":24}},"33":{"start":{"line":107,"column":4},"end":{"line":109,"column":5}},"34":{"start":{"line":108,"column":6},"end":{"line":108,"column":67}},"35":{"start":{"line":110,"column":4},"end":{"line":110,"column":49}},"36":{"start":{"line":119,"column":4},"end":{"line":119,"column":19}},"37":{"start":{"line":120,"column":4},"end":{"line":122,"column":5}},"38":{"start":{"line":121,"column":6},"end":{"line":121,"column":25}},"39":{"start":{"line":124,"column":4},"end":{"line":124,"column":15}},"40":{"start":{"line":134,"column":4},"end":{"line":134,"column":48}},"41":{"start":{"line":143,"column":4},"end":{"line":143,"column":22}},"42":{"start":{"line":153,"column":4},"end":{"line":153,"column":21}},"43":{"start":{"line":157,"column":0},"end":{"line":157,"column":25}}},"branchMap":{"1":{"line":22,"type":"if","locations":[{"start":{"line":22,"column":4},"end":{"line":22,"column":4}},{"start":{"line":22,"column":4},"end":{"line":22,"column":4}}]},"2":{"line":29,"type":"if","locations":[{"start":{"line":29,"column":4},"end":{"line":29,"column":4}},{"start":{"line":29,"column":4},"end":{"line":29,"column":4}}]},"3":{"line":29,"type":"binary-expr","locations":[{"start":{"line":29,"column":8},"end":{"line":29,"column":23}},{"start":{"line":29,"column":27},"end":{"line":29,"column":47}}]},"4":{"line":32,"type":"if","locations":[{"start":{"line":32,"column":4},"end":{"line":32,"column":4}},{"start":{"line":32,"column":4},"end":{"line":32,"column":4}}]},"5":{"line":32,"type":"binary-expr","locations":[{"start":{"line":32,"column":8},"end":{"line":32,"column":20}},{"start":{"line":32,"column":24},"end":{"line":32,"column":47}}]},"6":{"line":39,"type":"binary-expr","locations":[{"start":{"line":39,"column":28},"end":{"line":39,"column":48}},{"start":{"line":39,"column":52},"end":{"line":39,"column":64}}]},"7":{"line":48,"type":"if","locations":[{"start":{"line":48,"column":4},"end":{"line":48,"column":4}},{"start":{"line":48,"column":4},"end":{"line":48,"column":4}}]},"8":{"line":53,"type":"if","locations":[{"start":{"line":53,"column":6},"end":{"line":53,"column":6}},{"start":{"line":53,"column":6},"end":{"line":53,"column":6}}]},"9":{"line":85,"type":"if","locations":[{"start":{"line":85,"column":4},"end":{"line":85,"column":4}},{"start":{"line":85,"column":4},"end":{"line":85,"column":4}}]},"10":{"line":107,"type":"if","locations":[{"start":{"line":107,"column":4},"end":{"line":107,"column":4}},{"start":{"line":107,"column":4},"end":{"line":107,"column":4}}]}}},"/Users/erin.noe-payne/local/super-router/lib/utils.js":{"path":"/Users/erin.noe-payne/local/super-router/lib/utils.js","s":{"1":1,"2":1,"3":132,"4":132,"5":132,"6":132,"7":98,"8":34,"9":22,"10":12,"11":356,"12":2,"13":356,"14":80,"15":543,"16":251,"17":1},"b":{"1":[98,34],"2":[22,12],"3":[358,136],"4":[251,248]},"f":{"1":132,"2":356,"3":543,"4":251},"fnMap":{"1":{"name":"(anonymous_1)","line":20,"loc":{"start":{"line":20,"column":21},"end":{"line":20,"column":30}}},"2":{"name":"(anonymous_2)","line":43,"loc":{"start":{"line":43,"column":22},"end":{"line":43,"column":29}}},"3":{"name":"(anonymous_3)","line":58,"loc":{"start":{"line":58,"column":24},"end":{"line":58,"column":33}}},"4":{"name":"(anonymous_4)","line":68,"loc":{"start":{"line":68,"column":22},"end":{"line":68,"column":31}}}},"statementMap":{"1":{"start":{"line":2,"column":0},"end":{"line":2,"column":34}},"2":{"start":{"line":3,"column":0},"end":{"line":3,"column":37}},"3":{"start":{"line":21,"column":4},"end":{"line":21,"column":35}},"4":{"start":{"line":22,"column":4},"end":{"line":22,"column":48}},"5":{"start":{"line":23,"column":4},"end":{"line":23,"column":48}},"6":{"start":{"line":25,"column":4},"end":{"line":27,"column":5}},"7":{"start":{"line":26,"column":6},"end":{"line":26,"column":15}},"8":{"start":{"line":28,"column":4},"end":{"line":30,"column":5}},"9":{"start":{"line":29,"column":6},"end":{"line":29,"column":15}},"10":{"start":{"line":31,"column":4},"end":{"line":31,"column":14}},"11":{"start":{"line":44,"column":4},"end":{"line":46,"column":5}},"12":{"start":{"line":45,"column":6},"end":{"line":45,"column":31}},"13":{"start":{"line":47,"column":4},"end":{"line":49,"column":7}},"14":{"start":{"line":48,"column":6},"end":{"line":48,"column":33}},"15":{"start":{"line":59,"column":4},"end":{"line":59,"column":32}},"16":{"start":{"line":69,"column":4},"end":{"line":69,"column":83}},"17":{"start":{"line":73,"column":0},"end":{"line":73,"column":23}}},"branchMap":{"1":{"line":25,"type":"if","locations":[{"start":{"line":25,"column":4},"end":{"line":25,"column":4}},{"start":{"line":25,"column":4},"end":{"line":25,"column":4}}]},"2":{"line":28,"type":"if","locations":[{"start":{"line":28,"column":4},"end":{"line":28,"column":4}},{"start":{"line":28,"column":4},"end":{"line":28,"column":4}}]},"3":{"line":44,"type":"binary-expr","locations":[{"start":{"line":44,"column":11},"end":{"line":44,"column":31}},{"start":{"line":44,"column":35},"end":{"line":44,"column":50}}]},"4":{"line":69,"type":"binary-expr","locations":[{"start":{"line":69,"column":11},"end":{"line":69,"column":29}},{"start":{"line":69,"column":33},"end":{"line":69,"column":82}}]}}},"/Users/erin.noe-payne/local/super-router/lib/METHODS.js":{"path":"/Users/erin.noe-payne/local/super-router/lib/METHODS.js","s":{"1":1},"b":{},"f":{},"fnMap":{},"statementMap":{"1":{"start":{"line":4,"column":0},"end":{"line":13,"column":2}}},"branchMap":{}},"/Users/erin.noe-payne/local/super-router/lib/Response.js":{"path":"/Users/erin.noe-payne/local/super-router/lib/Response.js","s":{"1":1,"2":1,"3":1,"4":53,"5":53,"6":53,"7":2,"8":55,"9":1,"10":54,"11":0,"12":0,"13":0,"14":0,"15":5,"16":0,"17":5,"18":7,"19":2,"20":5,"21":2,"22":3,"23":1,"24":0,"25":1,"26":11,"27":4,"28":60,"29":60,"30":8,"31":60,"32":60,"33":2,"34":2,"35":0,"36":58,"37":5,"38":5,"39":1},"b":{"1":[1,54],"2":[0,5],"3":[2,5],"4":[2,3],"5":[0,1],"6":[2,58],"7":[5,53]},"f":{"1":53,"2":2,"3":55,"4":0,"5":5,"6":7,"7":1,"8":11,"9":4,"10":60,"11":8},"fnMap":{"1":{"name":"(anonymous_1)","line":10,"loc":{"start":{"line":10,"column":13},"end":{"line":10,"column":16}}},"2":{"name":"(anonymous_2)","line":21,"loc":{"start":{"line":21,"column":16},"end":{"line":21,"column":19}}},"3":{"name":"(anonymous_3)","line":30,"loc":{"start":{"line":30,"column":16},"end":{"line":30,"column":22}}},"4":{"name":"(anonymous_4)","line":42,"loc":{"start":{"line":42,"column":13},"end":{"line":42,"column":16}}},"5":{"name":"(anonymous_5)","line":57,"loc":{"start":{"line":57,"column":11},"end":{"line":57,"column":17}}},"6":{"name":"(anonymous_6)","line":70,"loc":{"start":{"line":70,"column":11},"end":{"line":70,"column":24}}},"7":{"name":"(anonymous_7)","line":85,"loc":{"start":{"line":85,"column":13},"end":{"line":85,"column":19}}},"8":{"name":"(anonymous_8)","line":96,"loc":{"start":{"line":96,"column":10},"end":{"line":96,"column":13}}},"9":{"name":"(anonymous_9)","line":106,"loc":{"start":{"line":106,"column":9},"end":{"line":106,"column":12}}},"10":{"name":"(anonymous_10)","line":117,"loc":{"start":{"line":117,"column":9},"end":{"line":117,"column":16}}},"11":{"name":"(anonymous_11)","line":119,"loc":{"start":{"line":119,"column":29},"end":{"line":119,"column":62}}}},"statementMap":{"1":{"start":{"line":2,"column":0},"end":{"line":2,"column":43}},"2":{"start":{"line":3,"column":0},"end":{"line":3,"column":53}},"3":{"start":{"line":4,"column":0},"end":{"line":4,"column":56}},"4":{"start":{"line":11,"column":4},"end":{"line":11,"column":19}},"5":{"start":{"line":13,"column":4},"end":{"line":13,"column":32}},"6":{"start":{"line":14,"column":4},"end":{"line":14,"column":26}},"7":{"start":{"line":22,"column":4},"end":{"line":22,"column":28}},"8":{"start":{"line":31,"column":4},"end":{"line":33,"column":5}},"9":{"start":{"line":32,"column":6},"end":{"line":32,"column":58}},"10":{"start":{"line":34,"column":4},"end":{"line":34,"column":27}},"11":{"start":{"line":43,"column":4},"end":{"line":43,"column":19}},"12":{"start":{"line":44,"column":4},"end":{"line":46,"column":5}},"13":{"start":{"line":45,"column":6},"end":{"line":45,"column":25}},"14":{"start":{"line":48,"column":4},"end":{"line":48,"column":15}},"15":{"start":{"line":58,"column":4},"end":{"line":60,"column":5}},"16":{"start":{"line":59,"column":6},"end":{"line":59,"column":67}},"17":{"start":{"line":61,"column":4},"end":{"line":61,"column":48}},"18":{"start":{"line":71,"column":4},"end":{"line":73,"column":5}},"19":{"start":{"line":72,"column":6},"end":{"line":72,"column":67}},"20":{"start":{"line":74,"column":4},"end":{"line":76,"column":5}},"21":{"start":{"line":75,"column":6},"end":{"line":75,"column":70}},"22":{"start":{"line":77,"column":4},"end":{"line":77,"column":48}},"23":{"start":{"line":86,"column":4},"end":{"line":88,"column":5}},"24":{"start":{"line":87,"column":6},"end":{"line":87,"column":67}},"25":{"start":{"line":89,"column":4},"end":{"line":89,"column":44}},"26":{"start":{"line":97,"column":4},"end":{"line":97,"column":22}},"27":{"start":{"line":107,"column":4},"end":{"line":107,"column":34}},"28":{"start":{"line":118,"column":4},"end":{"line":118,"column":72}},"29":{"start":{"line":119,"column":4},"end":{"line":121,"column":6}},"30":{"start":{"line":120,"column":6},"end":{"line":120,"column":31}},"31":{"start":{"line":122,"column":4},"end":{"line":122,"column":40}},"32":{"start":{"line":124,"column":4},"end":{"line":133,"column":5}},"33":{"start":{"line":125,"column":6},"end":{"line":125,"column":28}},"34":{"start":{"line":126,"column":6},"end":{"line":128,"column":9}},"35":{"start":{"line":127,"column":8},"end":{"line":127,"column":38}},"36":{"start":{"line":130,"column":9},"end":{"line":133,"column":5}},"37":{"start":{"line":131,"column":6},"end":{"line":131,"column":27}},"38":{"start":{"line":132,"column":6},"end":{"line":132,"column":36}},"39":{"start":{"line":138,"column":0},"end":{"line":138,"column":26}}},"branchMap":{"1":{"line":31,"type":"if","locations":[{"start":{"line":31,"column":4},"end":{"line":31,"column":4}},{"start":{"line":31,"column":4},"end":{"line":31,"column":4}}]},"2":{"line":58,"type":"if","locations":[{"start":{"line":58,"column":4},"end":{"line":58,"column":4}},{"start":{"line":58,"column":4},"end":{"line":58,"column":4}}]},"3":{"line":71,"type":"if","locations":[{"start":{"line":71,"column":4},"end":{"line":71,"column":4}},{"start":{"line":71,"column":4},"end":{"line":71,"column":4}}]},"4":{"line":74,"type":"if","locations":[{"start":{"line":74,"column":4},"end":{"line":74,"column":4}},{"start":{"line":74,"column":4},"end":{"line":74,"column":4}}]},"5":{"line":86,"type":"if","locations":[{"start":{"line":86,"column":4},"end":{"line":86,"column":4}},{"start":{"line":86,"column":4},"end":{"line":86,"column":4}}]},"6":{"line":124,"type":"if","locations":[{"start":{"line":124,"column":4},"end":{"line":124,"column":4}},{"start":{"line":124,"column":4},"end":{"line":124,"column":4}}]},"7":{"line":130,"type":"if","locations":[{"start":{"line":130,"column":9},"end":{"line":130,"column":9}},{"start":{"line":130,"column":9},"end":{"line":130,"column":9}}]}}},"/Users/erin.noe-payne/local/super-router/lib/Route.js":{"path":"/Users/erin.noe-payne/local/super-router/lib/Route.js","s":{"1":1,"2":1,"3":1,"4":1,"5":1,"6":1,"7":1,"8":209,"9":2,"10":207,"11":2,"12":205,"13":1,"14":204,"15":2,"16":202,"17":202,"18":202,"19":202,"20":202,"21":190,"22":366,"23":39,"24":42,"25":52,"26":43,"27":1,"28":42,"29":19,"30":2,"31":17,"32":17,"33":17,"34":1,"35":16,"36":1,"37":15,"38":15,"39":4,"40":11,"41":11,"42":11,"43":1,"44":1},"b":{"1":[2,207],"2":[2,205],"3":[1,204],"4":[205,174],"5":[2,202],"6":[204,174],"7":[202,29],"8":[202,30],"9":[42,20],"10":[1,42],"11":[42,41],"12":[2,17],"13":[1,16],"14":[1,15],"15":[4,11]},"f":{"1":209,"2":190,"3":366,"4":39,"5":42,"6":52,"7":43,"8":19},"fnMap":{"1":{"name":"(anonymous_1)","line":28,"loc":{"start":{"line":28,"column":13},"end":{"line":28,"column":23}}},"2":{"name":"(anonymous_2)","line":55,"loc":{"start":{"line":55,"column":10},"end":{"line":55,"column":13}}},"3":{"name":"(anonymous_3)","line":64,"loc":{"start":{"line":64,"column":12},"end":{"line":64,"column":15}}},"4":{"name":"(anonymous_4)","line":73,"loc":{"start":{"line":73,"column":13},"end":{"line":73,"column":16}}},"5":{"name":"(anonymous_5)","line":84,"loc":{"start":{"line":84,"column":16},"end":{"line":84,"column":25}}},"6":{"name":"(anonymous_6)","line":97,"loc":{"start":{"line":97,"column":12},"end":{"line":97,"column":19}}},"7":{"name":"(anonymous_7)","line":107,"loc":{"start":{"line":107,"column":9},"end":{"line":107,"column":19}}},"8":{"name":"(anonymous_8)","line":125,"loc":{"start":{"line":125,"column":9},"end":{"line":125,"column":19}}}},"statementMap":{"1":{"start":{"line":2,"column":0},"end":{"line":2,"column":38}},"2":{"start":{"line":3,"column":0},"end":{"line":3,"column":33}},"3":{"start":{"line":4,"column":0},"end":{"line":4,"column":39}},"4":{"start":{"line":5,"column":0},"end":{"line":5,"column":41}},"5":{"start":{"line":6,"column":0},"end":{"line":6,"column":41}},"6":{"start":{"line":7,"column":0},"end":{"line":7,"column":42}},"7":{"start":{"line":8,"column":0},"end":{"line":8,"column":44}},"8":{"start":{"line":29,"column":4},"end":{"line":31,"column":5}},"9":{"start":{"line":30,"column":6},"end":{"line":30,"column":56}},"10":{"start":{"line":32,"column":4},"end":{"line":34,"column":5}},"11":{"start":{"line":33,"column":6},"end":{"line":33,"column":57}},"12":{"start":{"line":35,"column":4},"end":{"line":37,"column":5}},"13":{"start":{"line":36,"column":6},"end":{"line":36,"column":52}},"14":{"start":{"line":38,"column":4},"end":{"line":40,"column":5}},"15":{"start":{"line":39,"column":6},"end":{"line":39,"column":67}},"16":{"start":{"line":42,"column":4},"end":{"line":42,"column":28}},"17":{"start":{"line":44,"column":4},"end":{"line":44,"column":64}},"18":{"start":{"line":45,"column":4},"end":{"line":45,"column":73}},"19":{"start":{"line":46,"column":4},"end":{"line":46,"column":36}},"20":{"start":{"line":47,"column":4},"end":{"line":47,"column":48}},"21":{"start":{"line":56,"column":4},"end":{"line":56,"column":22}},"22":{"start":{"line":65,"column":4},"end":{"line":65,"column":24}},"23":{"start":{"line":74,"column":4},"end":{"line":74,"column":25}},"24":{"start":{"line":85,"column":4},"end":{"line":85,"column":92}},"25":{"start":{"line":98,"column":4},"end":{"line":98,"column":36}},"26":{"start":{"line":108,"column":4},"end":{"line":110,"column":5}},"27":{"start":{"line":109,"column":6},"end":{"line":109,"column":89}},"28":{"start":{"line":111,"column":4},"end":{"line":111,"column":92}},"29":{"start":{"line":126,"column":4},"end":{"line":128,"column":5}},"30":{"start":{"line":127,"column":6},"end":{"line":127,"column":56}},"31":{"start":{"line":130,"column":4},"end":{"line":130,"column":37}},"32":{"start":{"line":131,"column":4},"end":{"line":131,"column":38}},"33":{"start":{"line":133,"column":4},"end":{"line":135,"column":5}},"34":{"start":{"line":134,"column":6},"end":{"line":134,"column":73}},"35":{"start":{"line":136,"column":4},"end":{"line":138,"column":5}},"36":{"start":{"line":137,"column":6},"end":{"line":137,"column":75}},"37":{"start":{"line":140,"column":4},"end":{"line":140,"column":29}},"38":{"start":{"line":141,"column":4},"end":{"line":143,"column":5}},"39":{"start":{"line":142,"column":6},"end":{"line":142,"column":17}},"40":{"start":{"line":144,"column":4},"end":{"line":150,"column":5}},"41":{"start":{"line":145,"column":6},"end":{"line":145,"column":58}},"42":{"start":{"line":146,"column":6},"end":{"line":146,"column":38}},"43":{"start":{"line":149,"column":6},"end":{"line":149,"column":27}},"44":{"start":{"line":155,"column":0},"end":{"line":155,"column":23}}},"branchMap":{"1":{"line":29,"type":"if","locations":[{"start":{"line":29,"column":4},"end":{"line":29,"column":4}},{"start":{"line":29,"column":4},"end":{"line":29,"column":4}}]},"2":{"line":32,"type":"if","locations":[{"start":{"line":32,"column":4},"end":{"line":32,"column":4}},{"start":{"line":32,"column":4},"end":{"line":32,"column":4}}]},"3":{"line":35,"type":"if","locations":[{"start":{"line":35,"column":4},"end":{"line":35,"column":4}},{"start":{"line":35,"column":4},"end":{"line":35,"column":4}}]},"4":{"line":35,"type":"binary-expr","locations":[{"start":{"line":35,"column":8},"end":{"line":35,"column":20}},{"start":{"line":35,"column":24},"end":{"line":35,"column":49}}]},"5":{"line":38,"type":"if","locations":[{"start":{"line":38,"column":4},"end":{"line":38,"column":4}},{"start":{"line":38,"column":4},"end":{"line":38,"column":4}}]},"6":{"line":38,"type":"binary-expr","locations":[{"start":{"line":38,"column":8},"end":{"line":38,"column":22}},{"start":{"line":38,"column":26},"end":{"line":38,"column":62}}]},"7":{"line":44,"type":"binary-expr","locations":[{"start":{"line":44,"column":40},"end":{"line":44,"column":52}},{"start":{"line":44,"column":56},"end":{"line":44,"column":62}}]},"8":{"line":45,"type":"binary-expr","locations":[{"start":{"line":45,"column":42},"end":{"line":45,"column":56}},{"start":{"line":45,"column":60},"end":{"line":45,"column":71}}]},"9":{"line":85,"type":"binary-expr","locations":[{"start":{"line":85,"column":12},"end":{"line":85,"column":39}},{"start":{"line":85,"column":45},"end":{"line":85,"column":90}}]},"10":{"line":108,"type":"if","locations":[{"start":{"line":108,"column":4},"end":{"line":108,"column":4}},{"start":{"line":108,"column":4},"end":{"line":108,"column":4}}]},"11":{"line":111,"type":"binary-expr","locations":[{"start":{"line":111,"column":11},"end":{"line":111,"column":46}},{"start":{"line":111,"column":50},"end":{"line":111,"column":91}}]},"12":{"line":126,"type":"if","locations":[{"start":{"line":126,"column":4},"end":{"line":126,"column":4}},{"start":{"line":126,"column":4},"end":{"line":126,"column":4}}]},"13":{"line":133,"type":"if","locations":[{"start":{"line":133,"column":4},"end":{"line":133,"column":4}},{"start":{"line":133,"column":4},"end":{"line":133,"column":4}}]},"14":{"line":136,"type":"if","locations":[{"start":{"line":136,"column":4},"end":{"line":136,"column":4}},{"start":{"line":136,"column":4},"end":{"line":136,"column":4}}]},"15":{"line":141,"type":"if","locations":[{"start":{"line":141,"column":4},"end":{"line":141,"column":4}},{"start":{"line":141,"column":4},"end":{"line":141,"column":4}}]}}},"/Users/erin.noe-payne/local/super-router/lib/index.js":{"path":"/Users/erin.noe-payne/local/super-router/lib/index.js","s":{"1":1,"2":1,"3":1,"4":1,"5":1},"b":{},"f":{},"fnMap":{},"statementMap":{"1":{"start":{"line":3,"column":0},"end":{"line":3,"column":42}},"2":{"start":{"line":4,"column":0},"end":{"line":4,"column":43}},"3":{"start":{"line":5,"column":0},"end":{"line":5,"column":41}},"4":{"start":{"line":6,"column":0},"end":{"line":6,"column":38}},"5":{"start":{"line":7,"column":0},"end":{"line":7,"column":45}}},"branchMap":{}},"/Users/erin.noe-payne/local/super-router/lib/Router.js":{"path":"/Users/erin.noe-payne/local/super-router/lib/Router.js","s":{"1":11,"2":11,"3":11,"4":11,"5":15,"6":15,"7":15,"8":14,"9":13,"10":14,"11":2,"12":12,"13":3,"14":3,"15":2,"16":2,"17":2,"18":1,"19":11},"b":{"1":[13,1],"2":[2,12],"3":[14,13],"4":[1,1]},"f":{"1":15,"2":14,"3":3,"4":2},"fnMap":{"1":{"name":"(anonymous_1)","line":13,"loc":{"start":{"line":13,"column":13},"end":{"line":13,"column":16}}},"2":{"name":"(anonymous_2)","line":45,"loc":{"start":{"line":45,"column":10},"end":{"line":45,"column":18}}},"3":{"name":"(anonymous_3)","line":68,"loc":{"start":{"line":68,"column":7},"end":{"line":68,"column":17}}},"4":{"name":"(anonymous_4)","line":84,"loc":{"start":{"line":84,"column":9},"end":{"line":84,"column":19}}}},"statementMap":{"1":{"start":{"line":3,"column":0},"end":{"line":3,"column":37}},"2":{"start":{"line":4,"column":0},"end":{"line":4,"column":41}},"3":{"start":{"line":6,"column":0},"end":{"line":6,"column":22}},"4":{"start":{"line":7,"column":0},"end":{"line":7,"column":22}},"5":{"start":{"line":14,"column":4},"end":{"line":14,"column":39}},"6":{"start":{"line":16,"column":4},"end":{"line":16,"column":41}},"7":{"start":{"line":17,"column":4},"end":{"line":17,"column":43}},"8":{"start":{"line":46,"column":4},"end":{"line":48,"column":5}},"9":{"start":{"line":47,"column":6},"end":{"line":47,"column":31}},"10":{"start":{"line":50,"column":4},"end":{"line":52,"column":5}},"11":{"start":{"line":51,"column":6},"end":{"line":51,"column":86}},"12":{"start":{"line":54,"column":4},"end":{"line":54,"column":37}},"13":{"start":{"line":69,"column":4},"end":{"line":69,"column":36}},"14":{"start":{"line":71,"column":4},"end":{"line":71,"column":58}},"15":{"start":{"line":85,"column":4},"end":{"line":85,"column":37}},"16":{"start":{"line":86,"column":4},"end":{"line":86,"column":38}},"17":{"start":{"line":88,"column":4},"end":{"line":90,"column":5}},"18":{"start":{"line":89,"column":6},"end":{"line":89,"column":65}},"19":{"start":{"line":95,"column":0},"end":{"line":95,"column":24}}},"branchMap":{"1":{"line":46,"type":"if","locations":[{"start":{"line":46,"column":4},"end":{"line":46,"column":4}},{"start":{"line":46,"column":4},"end":{"line":46,"column":4}}]},"2":{"line":50,"type":"if","locations":[{"start":{"line":50,"column":4},"end":{"line":50,"column":4}},{"start":{"line":50,"column":4},"end":{"line":50,"column":4}}]},"3":{"line":50,"type":"binary-expr","locations":[{"start":{"line":50,"column":8},"end":{"line":50,"column":31}},{"start":{"line":50,"column":35},"end":{"line":50,"column":61}}]},"4":{"line":88,"type":"if","locations":[{"start":{"line":88,"column":4},"end":{"line":88,"column":4}},{"start":{"line":88,"column":4},"end":{"line":88,"column":4}}]}}},"/Users/erin.noe-payne/local/super-router/lib/RouteTree.js":{"path":"/Users/erin.noe-payne/local/super-router/lib/RouteTree.js","s":{"1":1,"2":0,"3":0,"4":0,"5":1},"b":{},"f":{"1":0,"2":0,"3":0},"fnMap":{"1":{"name":"(anonymous_1)","line":6,"loc":{"start":{"line":6,"column":13},"end":{"line":6,"column":16}}},"2":{"name":"(anonymous_2)","line":10,"loc":{"start":{"line":10,"column":10},"end":{"line":10,"column":18}}},"3":{"name":"(anonymous_3)","line":14,"loc":{"start":{"line":14,"column":6},"end":{"line":14,"column":16}}}},"statementMap":{"1":{"start":{"line":3,"column":0},"end":{"line":3,"column":32}},"2":{"start":{"line":7,"column":4},"end":{"line":7,"column":42}},"3":{"start":{"line":11,"column":4},"end":{"line":11,"column":36}},"4":{"start":{"line":15,"column":4},"end":{"line":15,"column":36}},"5":{"start":{"line":20,"column":0},"end":{"line":20,"column":27}}},"branchMap":{}},"/Users/erin.noe-payne/local/super-router/lib/Node.js":{"path":"/Users/erin.noe-payne/local/super-router/lib/Node.js","s":{"1":1,"2":1,"3":1,"4":1,"5":1,"6":82,"7":2,"8":80,"9":2,"10":78,"11":1,"12":77,"13":77,"14":77,"15":77,"16":77,"17":0,"18":0,"19":324,"20":8,"21":93,"22":81,"23":93,"24":1,"25":92,"26":1,"27":91,"28":1,"29":90,"30":52,"31":0,"32":52,"33":1,"34":51,"35":4,"36":5,"37":6,"38":103,"39":23,"40":12,"41":0,"42":12,"43":2,"44":10,"45":3,"46":7,"47":11,"48":4,"49":3,"50":3,"51":3,"52":6,"53":4,"54":4,"55":3,"56":8,"57":8,"58":3,"59":3,"60":2,"61":6,"62":5,"63":5,"64":1,"65":5,"66":0,"67":0,"68":0,"69":0,"70":1},"b":{"1":[2,80],"2":[2,78],"3":[1,77],"4":[81,12],"5":[1,92],"6":[1,91],"7":[1,90],"8":[0,52],"9":[1,51],"10":[0,12],"11":[2,10],"12":[3,7],"13":[4,7],"14":[4,2],"15":[3,5],"16":[2,1],"17":[1,4]},"f":{"1":82,"2":324,"3":8,"4":93,"5":52,"6":4,"7":5,"8":6,"9":103,"10":23,"11":12,"12":8,"13":0},"fnMap":{"1":{"name":"(anonymous_1)","line":25,"loc":{"start":{"line":25,"column":13},"end":{"line":25,"column":23}}},"2":{"name":"(anonymous_2)","line":57,"loc":{"start":{"line":57,"column":10},"end":{"line":57,"column":13}}},"3":{"name":"(anonymous_3)","line":70,"loc":{"start":{"line":70,"column":12},"end":{"line":70,"column":19}}},"4":{"name":"(anonymous_4)","line":83,"loc":{"start":{"line":83,"column":10},"end":{"line":83,"column":18}}},"5":{"name":"(anonymous_5)","line":105,"loc":{"start":{"line":105,"column":10},"end":{"line":105,"column":17}}},"6":{"name":"(anonymous_6)","line":121,"loc":{"start":{"line":121,"column":13},"end":{"line":121,"column":16}}},"7":{"name":"(anonymous_7)","line":130,"loc":{"start":{"line":130,"column":11},"end":{"line":130,"column":14}}},"8":{"name":"(anonymous_8)","line":140,"loc":{"start":{"line":140,"column":10},"end":{"line":140,"column":18}}},"9":{"name":"(anonymous_9)","line":150,"loc":{"start":{"line":150,"column":8},"end":{"line":150,"column":16}}},"10":{"name":"(anonymous_10)","line":160,"loc":{"start":{"line":160,"column":11},"end":{"line":160,"column":19}}},"11":{"name":"(anonymous_11)","line":174,"loc":{"start":{"line":174,"column":8},"end":{"line":174,"column":16}}},"12":{"name":"(anonymous_12)","line":211,"loc":{"start":{"line":211,"column":6},"end":{"line":211,"column":16}}},"13":{"name":"(anonymous_13)","line":235,"loc":{"start":{"line":235,"column":10},"end":{"line":235,"column":13}}}},"statementMap":{"1":{"start":{"line":2,"column":0},"end":{"line":2,"column":38}},"2":{"start":{"line":3,"column":0},"end":{"line":3,"column":39}},"3":{"start":{"line":4,"column":0},"end":{"line":4,"column":39}},"4":{"start":{"line":5,"column":0},"end":{"line":5,"column":41}},"5":{"start":{"line":6,"column":0},"end":{"line":6,"column":44}},"6":{"start":{"line":26,"column":4},"end":{"line":28,"column":5}},"7":{"start":{"line":27,"column":6},"end":{"line":27,"column":56}},"8":{"start":{"line":29,"column":4},"end":{"line":31,"column":5}},"9":{"start":{"line":30,"column":6},"end":{"line":30,"column":52}},"10":{"start":{"line":32,"column":4},"end":{"line":34,"column":5}},"11":{"start":{"line":33,"column":6},"end":{"line":33,"column":65}},"12":{"start":{"line":36,"column":4},"end":{"line":36,"column":55}},"13":{"start":{"line":37,"column":4},"end":{"line":37,"column":49}},"14":{"start":{"line":38,"column":4},"end":{"line":38,"column":31}},"15":{"start":{"line":39,"column":4},"end":{"line":39,"column":31}},"16":{"start":{"line":41,"column":4},"end":{"line":49,"column":7}},"17":{"start":{"line":45,"column":8},"end":{"line":45,"column":42}},"18":{"start":{"line":47,"column":8},"end":{"line":47,"column":42}},"19":{"start":{"line":58,"column":4},"end":{"line":58,"column":22}},"20":{"start":{"line":71,"column":4},"end":{"line":71,"column":36}},"21":{"start":{"line":84,"column":4},"end":{"line":86,"column":5}},"22":{"start":{"line":85,"column":6},"end":{"line":85,"column":31}},"23":{"start":{"line":87,"column":4},"end":{"line":89,"column":5}},"24":{"start":{"line":88,"column":6},"end":{"line":88,"column":62}},"25":{"start":{"line":90,"column":4},"end":{"line":92,"column":5}},"26":{"start":{"line":91,"column":6},"end":{"line":91,"column":76}},"27":{"start":{"line":93,"column":4},"end":{"line":95,"column":5}},"28":{"start":{"line":94,"column":6},"end":{"line":94,"column":95}},"29":{"start":{"line":96,"column":4},"end":{"line":96,"column":42}},"30":{"start":{"line":106,"column":4},"end":{"line":108,"column":5}},"31":{"start":{"line":107,"column":6},"end":{"line":107,"column":28}},"32":{"start":{"line":109,"column":4},"end":{"line":111,"column":5}},"33":{"start":{"line":110,"column":6},"end":{"line":110,"column":77}},"34":{"start":{"line":113,"column":4},"end":{"line":113,"column":40}},"35":{"start":{"line":122,"column":4},"end":{"line":122,"column":47}},"36":{"start":{"line":131,"column":4},"end":{"line":131,"column":45}},"37":{"start":{"line":141,"column":4},"end":{"line":141,"column":59}},"38":{"start":{"line":151,"column":4},"end":{"line":151,"column":59}},"39":{"start":{"line":161,"column":4},"end":{"line":161,"column":60}},"40":{"start":{"line":175,"column":4},"end":{"line":177,"column":5}},"41":{"start":{"line":176,"column":6},"end":{"line":176,"column":31}},"42":{"start":{"line":179,"column":4},"end":{"line":181,"column":5}},"43":{"start":{"line":180,"column":6},"end":{"line":180,"column":115}},"44":{"start":{"line":183,"column":4},"end":{"line":185,"column":5}},"45":{"start":{"line":184,"column":6},"end":{"line":184,"column":34}},"46":{"start":{"line":187,"column":4},"end":{"line":191,"column":5}},"47":{"start":{"line":188,"column":6},"end":{"line":190,"column":7}},"48":{"start":{"line":189,"column":8},"end":{"line":189,"column":35}},"49":{"start":{"line":193,"column":4},"end":{"line":193,"column":52}},"50":{"start":{"line":194,"column":4},"end":{"line":194,"column":28}},"51":{"start":{"line":195,"column":4},"end":{"line":200,"column":7}},"52":{"start":{"line":196,"column":6},"end":{"line":199,"column":7}},"53":{"start":{"line":197,"column":8},"end":{"line":197,"column":36}},"54":{"start":{"line":198,"column":8},"end":{"line":198,"column":32}},"55":{"start":{"line":201,"column":4},"end":{"line":201,"column":27}},"56":{"start":{"line":212,"column":4},"end":{"line":212,"column":14}},"57":{"start":{"line":213,"column":4},"end":{"line":218,"column":5}},"58":{"start":{"line":214,"column":6},"end":{"line":214,"column":47}},"59":{"start":{"line":215,"column":6},"end":{"line":217,"column":7}},"60":{"start":{"line":216,"column":8},"end":{"line":216,"column":21}},"61":{"start":{"line":220,"column":4},"end":{"line":225,"column":5}},"62":{"start":{"line":221,"column":6},"end":{"line":221,"column":34}},"63":{"start":{"line":222,"column":6},"end":{"line":224,"column":7}},"64":{"start":{"line":223,"column":8},"end":{"line":223,"column":21}},"65":{"start":{"line":227,"column":4},"end":{"line":227,"column":16}},"66":{"start":{"line":236,"column":4},"end":{"line":243,"column":6}},"67":{"start":{"line":238,"column":8},"end":{"line":238,"column":28}},"68":{"start":{"line":241,"column":8},"end":{"line":241,"column":30}},"69":{"start":{"line":244,"column":4},"end":{"line":244,"column":16}},"70":{"start":{"line":248,"column":0},"end":{"line":248,"column":22}}},"branchMap":{"1":{"line":26,"type":"if","locations":[{"start":{"line":26,"column":4},"end":{"line":26,"column":4}},{"start":{"line":26,"column":4},"end":{"line":26,"column":4}}]},"2":{"line":29,"type":"if","locations":[{"start":{"line":29,"column":4},"end":{"line":29,"column":4}},{"start":{"line":29,"column":4},"end":{"line":29,"column":4}}]},"3":{"line":32,"type":"if","locations":[{"start":{"line":32,"column":4},"end":{"line":32,"column":4}},{"start":{"line":32,"column":4},"end":{"line":32,"column":4}}]},"4":{"line":84,"type":"if","locations":[{"start":{"line":84,"column":4},"end":{"line":84,"column":4}},{"start":{"line":84,"column":4},"end":{"line":84,"column":4}}]},"5":{"line":87,"type":"if","locations":[{"start":{"line":87,"column":4},"end":{"line":87,"column":4}},{"start":{"line":87,"column":4},"end":{"line":87,"column":4}}]},"6":{"line":90,"type":"if","locations":[{"start":{"line":90,"column":4},"end":{"line":90,"column":4}},{"start":{"line":90,"column":4},"end":{"line":90,"column":4}}]},"7":{"line":93,"type":"if","locations":[{"start":{"line":93,"column":4},"end":{"line":93,"column":4}},{"start":{"line":93,"column":4},"end":{"line":93,"column":4}}]},"8":{"line":106,"type":"if","locations":[{"start":{"line":106,"column":4},"end":{"line":106,"column":4}},{"start":{"line":106,"column":4},"end":{"line":106,"column":4}}]},"9":{"line":109,"type":"if","locations":[{"start":{"line":109,"column":4},"end":{"line":109,"column":4}},{"start":{"line":109,"column":4},"end":{"line":109,"column":4}}]},"10":{"line":175,"type":"if","locations":[{"start":{"line":175,"column":4},"end":{"line":175,"column":4}},{"start":{"line":175,"column":4},"end":{"line":175,"column":4}}]},"11":{"line":179,"type":"if","locations":[{"start":{"line":179,"column":4},"end":{"line":179,"column":4}},{"start":{"line":179,"column":4},"end":{"line":179,"column":4}}]},"12":{"line":183,"type":"if","locations":[{"start":{"line":183,"column":4},"end":{"line":183,"column":4}},{"start":{"line":183,"column":4},"end":{"line":183,"column":4}}]},"13":{"line":188,"type":"if","locations":[{"start":{"line":188,"column":6},"end":{"line":188,"column":6}},{"start":{"line":188,"column":6},"end":{"line":188,"column":6}}]},"14":{"line":196,"type":"if","locations":[{"start":{"line":196,"column":6},"end":{"line":196,"column":6}},{"start":{"line":196,"column":6},"end":{"line":196,"column":6}}]},"15":{"line":213,"type":"if","locations":[{"start":{"line":213,"column":4},"end":{"line":213,"column":4}},{"start":{"line":213,"column":4},"end":{"line":213,"column":4}}]},"16":{"line":215,"type":"if","locations":[{"start":{"line":215,"column":6},"end":{"line":215,"column":6}},{"start":{"line":215,"column":6},"end":{"line":215,"column":6}}]},"17":{"line":222,"type":"if","locations":[{"start":{"line":222,"column":6},"end":{"line":222,"column":6}},{"start":{"line":222,"column":6},"end":{"line":222,"column":6}}]}}},"/Users/erin.noe-payne/local/super-router/lib/App.js":{"path":"/Users/erin.noe-payne/local/super-router/lib/App.js","s":{"1":9,"2":9,"3":9,"4":9,"5":9,"6":28,"7":28,"8":32,"9":1,"10":32,"11":2,"12":32,"13":32,"14":31,"15":1,"16":31,"17":2,"18":31,"19":31,"20":13,"21":1,"22":13,"23":13,"24":13,"25":23,"26":17,"27":13,"28":22,"29":1,"30":21,"31":10,"32":13,"33":12,"34":9},"b":{"1":[1,31],"2":[2,30],"3":[1,30],"4":[2,29],"5":[1,12],"6":[1,21]},"f":{"1":28,"2":32,"3":31,"4":13},"fnMap":{"1":{"name":"(anonymous_1)","line":12,"loc":{"start":{"line":12,"column":13},"end":{"line":12,"column":16}}},"2":{"name":"(anonymous_2)","line":46,"loc":{"start":{"line":46,"column":5},"end":{"line":46,"column":13}}},"3":{"name":"(anonymous_3)","line":84,"loc":{"start":{"line":84,"column":10},"end":{"line":84,"column":18}}},"4":{"name":"(anonymous_4)","line":105,"loc":{"start":{"line":105,"column":16},"end":{"line":105,"column":26}}}},"statementMap":{"1":{"start":{"line":2,"column":0},"end":{"line":2,"column":35}},"2":{"start":{"line":3,"column":0},"end":{"line":3,"column":36}},"3":{"start":{"line":4,"column":0},"end":{"line":4,"column":38}},"4":{"start":{"line":5,"column":0},"end":{"line":5,"column":39}},"5":{"start":{"line":6,"column":0},"end":{"line":6,"column":30}},"6":{"start":{"line":13,"column":4},"end":{"line":13,"column":31}},"7":{"start":{"line":14,"column":4},"end":{"line":14,"column":31}},"8":{"start":{"line":47,"column":4},"end":{"line":49,"column":5}},"9":{"start":{"line":48,"column":6},"end":{"line":48,"column":34}},"10":{"start":{"line":50,"column":4},"end":{"line":52,"column":5}},"11":{"start":{"line":51,"column":6},"end":{"line":51,"column":31}},"12":{"start":{"line":54,"column":4},"end":{"line":54,"column":33}},"13":{"start":{"line":55,"column":4},"end":{"line":55,"column":16}},"14":{"start":{"line":85,"column":4},"end":{"line":87,"column":5}},"15":{"start":{"line":86,"column":6},"end":{"line":86,"column":34}},"16":{"start":{"line":89,"column":4},"end":{"line":91,"column":5}},"17":{"start":{"line":90,"column":6},"end":{"line":90,"column":31}},"18":{"start":{"line":93,"column":4},"end":{"line":93,"column":38}},"19":{"start":{"line":94,"column":4},"end":{"line":94,"column":16}},"20":{"start":{"line":106,"column":4},"end":{"line":108,"column":5}},"21":{"start":{"line":107,"column":6},"end":{"line":107,"column":37}},"22":{"start":{"line":110,"column":4},"end":{"line":110,"column":25}},"23":{"start":{"line":111,"column":4},"end":{"line":111,"column":36}},"24":{"start":{"line":112,"column":4},"end":{"line":116,"column":7}},"25":{"start":{"line":113,"column":6},"end":{"line":115,"column":9}},"26":{"start":{"line":114,"column":8},"end":{"line":114,"column":52}},"27":{"start":{"line":117,"column":4},"end":{"line":124,"column":7}},"28":{"start":{"line":118,"column":6},"end":{"line":120,"column":7}},"29":{"start":{"line":119,"column":8},"end":{"line":119,"column":15}},"30":{"start":{"line":121,"column":6},"end":{"line":123,"column":9}},"31":{"start":{"line":122,"column":8},"end":{"line":122,"column":59}},"32":{"start":{"line":126,"column":4},"end":{"line":128,"column":7}},"33":{"start":{"line":127,"column":6},"end":{"line":127,"column":22}},"34":{"start":{"line":132,"column":0},"end":{"line":132,"column":21}}},"branchMap":{"1":{"line":47,"type":"if","locations":[{"start":{"line":47,"column":4},"end":{"line":47,"column":4}},{"start":{"line":47,"column":4},"end":{"line":47,"column":4}}]},"2":{"line":50,"type":"if","locations":[{"start":{"line":50,"column":4},"end":{"line":50,"column":4}},{"start":{"line":50,"column":4},"end":{"line":50,"column":4}}]},"3":{"line":85,"type":"if","locations":[{"start":{"line":85,"column":4},"end":{"line":85,"column":4}},{"start":{"line":85,"column":4},"end":{"line":85,"column":4}}]},"4":{"line":89,"type":"if","locations":[{"start":{"line":89,"column":4},"end":{"line":89,"column":4}},{"start":{"line":89,"column":4},"end":{"line":89,"column":4}}]},"5":{"line":106,"type":"if","locations":[{"start":{"line":106,"column":4},"end":{"line":106,"column":4}},{"start":{"line":106,"column":4},"end":{"line":106,"column":4}}]},"6":{"line":118,"type":"if","locations":[{"start":{"line":118,"column":6},"end":{"line":118,"column":6}},{"start":{"line":118,"column":6},"end":{"line":118,"column":6}}]}}},"/Users/erin.noe-payne/local/super-router/lib/middleware/index.js":{"path":"/Users/erin.noe-payne/local/super-router/lib/middleware/index.js","s":{"1":1},"b":{},"f":{},"fnMap":{},"statementMap":{"1":{"start":{"line":3,"column":0},"end":{"line":3,"column":62}}},"branchMap":{}},"/Users/erin.noe-payne/local/super-router/lib/middleware/ContentNegotiation.js":{"path":"/Users/erin.noe-payne/local/super-router/lib/middleware/ContentNegotiation.js","s":{"1":1,"2":4,"3":4,"4":0,"5":4,"6":4,"7":4,"8":3,"9":3,"10":2,"11":4,"12":4,"13":4,"14":4,"15":1,"16":1,"17":1,"18":1,"19":4,"20":4,"21":0,"22":4,"23":1},"b":{"1":[0,4],"2":[0,4],"3":[4,0]},"f":{"1":4,"2":1,"3":4},"fnMap":{"1":{"name":"(anonymous_1)","line":7,"loc":{"start":{"line":7,"column":16},"end":{"line":7,"column":23}}},"2":{"name":"(anonymous_2)","line":33,"loc":{"start":{"line":33,"column":17},"end":{"line":33,"column":24}}},"3":{"name":"_isMultipart","line":42,"loc":{"start":{"line":42,"column":0},"end":{"line":42,"column":31}}}},"statementMap":{"1":{"start":{"line":3,"column":0},"end":{"line":3,"column":23}},"2":{"start":{"line":8,"column":4},"end":{"line":8,"column":33}},"3":{"start":{"line":10,"column":4},"end":{"line":12,"column":5}},"4":{"start":{"line":11,"column":6},"end":{"line":11,"column":13}},"5":{"start":{"line":14,"column":4},"end":{"line":14,"column":31}},"6":{"start":{"line":15,"column":4},"end":{"line":15,"column":26}},"7":{"start":{"line":16,"column":4},"end":{"line":23,"column":7}},"8":{"start":{"line":17,"column":6},"end":{"line":22,"column":7}},"9":{"start":{"line":18,"column":8},"end":{"line":18,"column":36}},"10":{"start":{"line":21,"column":8},"end":{"line":21,"column":70}},"11":{"start":{"line":25,"column":4},"end":{"line":28,"column":7}},"12":{"start":{"line":26,"column":6},"end":{"line":26,"column":29}},"13":{"start":{"line":27,"column":6},"end":{"line":27,"column":25}},"14":{"start":{"line":30,"column":4},"end":{"line":30,"column":28}},"15":{"start":{"line":34,"column":4},"end":{"line":34,"column":35}},"16":{"start":{"line":36,"column":4},"end":{"line":36,"column":59}},"17":{"start":{"line":37,"column":4},"end":{"line":37,"column":64}},"18":{"start":{"line":42,"column":0},"end":{"line":49,"column":1}},"19":{"start":{"line":43,"column":2},"end":{"line":43,"column":61}},"20":{"start":{"line":44,"column":2},"end":{"line":46,"column":3}},"21":{"start":{"line":45,"column":4},"end":{"line":45,"column":16}},"22":{"start":{"line":48,"column":2},"end":{"line":48,"column":15}},"23":{"start":{"line":51,"column":0},"end":{"line":51,"column":36}}},"branchMap":{"1":{"line":10,"type":"if","locations":[{"start":{"line":10,"column":4},"end":{"line":10,"column":4}},{"start":{"line":10,"column":4},"end":{"line":10,"column":4}}]},"2":{"line":44,"type":"if","locations":[{"start":{"line":44,"column":2},"end":{"line":44,"column":2}},{"start":{"line":44,"column":2},"end":{"line":44,"column":2}}]},"3":{"line":44,"type":"binary-expr","locations":[{"start":{"line":44,"column":6},"end":{"line":44,"column":17}},{"start":{"line":44,"column":21},"end":{"line":44,"column":70}}]}}}}