{"/Users/erin.noe-payne/local/super-router/lib/Request.js":{"path":"/Users/erin.noe-payne/local/super-router/lib/Request.js","s":{"1":1,"2":1,"3":1,"4":1,"5":96,"6":2,"7":94,"8":94,"9":94,"10":1,"11":93,"12":1,"13":92,"14":89,"15":86,"16":86,"17":86,"18":36,"19":86,"20":86,"21":4,"22":86,"23":7,"24":86,"25":268,"26":3,"27":5,"28":179,"29":95,"30":4,"31":91,"32":159,"33":91,"34":4,"35":87,"36":88,"37":88,"38":42,"39":88,"40":8,"41":26,"42":6,"43":2,"44":2,"45":2,"46":1,"47":2,"48":1},"b":{"1":[2,94],"2":[1,93],"3":[94,91],"4":[1,92],"5":[93,8],"6":[86,84],"7":[7,79],"8":[3,265],"9":[4,91],"10":[4,87],"11":[1,1]},"f":{"1":96,"2":4,"3":5,"4":179,"5":95,"6":159,"7":91,"8":88,"9":8,"10":26,"11":6,"12":2},"fnMap":{"1":{"name":"(anonymous_1)","line":21,"loc":{"start":{"line":21,"column":13},"end":{"line":21,"column":23}}},"2":{"name":"(anonymous_2)","line":45,"loc":{"start":{"line":45,"column":28},"end":{"line":45,"column":61}}},"3":{"name":"(anonymous_3)","line":65,"loc":{"start":{"line":65,"column":18},"end":{"line":65,"column":21}}},"4":{"name":"(anonymous_4)","line":74,"loc":{"start":{"line":74,"column":10},"end":{"line":74,"column":13}}},"5":{"name":"(anonymous_5)","line":84,"loc":{"start":{"line":84,"column":10},"end":{"line":84,"column":17}}},"6":{"name":"(anonymous_6)","line":96,"loc":{"start":{"line":96,"column":12},"end":{"line":96,"column":15}}},"7":{"name":"(anonymous_7)","line":106,"loc":{"start":{"line":106,"column":12},"end":{"line":106,"column":21}}},"8":{"name":"(anonymous_8)","line":118,"loc":{"start":{"line":118,"column":13},"end":{"line":118,"column":16}}},"9":{"name":"(anonymous_9)","line":133,"loc":{"start":{"line":133,"column":11},"end":{"line":133,"column":17}}},"10":{"name":"(anonymous_10)","line":142,"loc":{"start":{"line":142,"column":10},"end":{"line":142,"column":13}}},"11":{"name":"(anonymous_11)","line":152,"loc":{"start":{"line":152,"column":10},"end":{"line":152,"column":16}}},"12":{"name":"(anonymous_12)","line":161,"loc":{"start":{"line":161,"column":10},"end":{"line":161,"column":13}}}},"statementMap":{"1":{"start":{"line":2,"column":0},"end":{"line":2,"column":43}},"2":{"start":{"line":3,"column":0},"end":{"line":3,"column":44}},"3":{"start":{"line":4,"column":0},"end":{"line":4,"column":53}},"4":{"start":{"line":5,"column":0},"end":{"line":5,"column":56}},"5":{"start":{"line":22,"column":4},"end":{"line":24,"column":5}},"6":{"start":{"line":23,"column":6},"end":{"line":23,"column":56}},"7":{"start":{"line":26,"column":4},"end":{"line":26,"column":36}},"8":{"start":{"line":27,"column":4},"end":{"line":27,"column":33}},"9":{"start":{"line":29,"column":4},"end":{"line":31,"column":5}},"10":{"start":{"line":30,"column":6},"end":{"line":30,"column":56}},"11":{"start":{"line":32,"column":4},"end":{"line":34,"column":5}},"12":{"start":{"line":33,"column":6},"end":{"line":33,"column":61}},"13":{"start":{"line":36,"column":4},"end":{"line":36,"column":31}},"14":{"start":{"line":37,"column":4},"end":{"line":37,"column":33}},"15":{"start":{"line":39,"column":4},"end":{"line":39,"column":65}},"16":{"start":{"line":40,"column":4},"end":{"line":40,"column":38}},"17":{"start":{"line":41,"column":4},"end":{"line":43,"column":7}},"18":{"start":{"line":42,"column":6},"end":{"line":42,"column":44}},"19":{"start":{"line":44,"column":4},"end":{"line":44,"column":50}},"20":{"start":{"line":45,"column":4},"end":{"line":47,"column":6}},"21":{"start":{"line":46,"column":6},"end":{"line":46,"column":31}},"22":{"start":{"line":48,"column":4},"end":{"line":50,"column":5}},"23":{"start":{"line":49,"column":6},"end":{"line":49,"column":28}},"24":{"start":{"line":52,"column":4},"end":{"line":56,"column":7}},"25":{"start":{"line":53,"column":6},"end":{"line":55,"column":7}},"26":{"start":{"line":54,"column":8},"end":{"line":54,"column":20}},"27":{"start":{"line":66,"column":4},"end":{"line":66,"column":30}},"28":{"start":{"line":75,"column":4},"end":{"line":75,"column":22}},"29":{"start":{"line":85,"column":4},"end":{"line":87,"column":5}},"30":{"start":{"line":86,"column":6},"end":{"line":86,"column":52}},"31":{"start":{"line":88,"column":4},"end":{"line":88,"column":43}},"32":{"start":{"line":97,"column":4},"end":{"line":97,"column":24}},"33":{"start":{"line":107,"column":4},"end":{"line":109,"column":5}},"34":{"start":{"line":108,"column":6},"end":{"line":108,"column":67}},"35":{"start":{"line":110,"column":4},"end":{"line":110,"column":49}},"36":{"start":{"line":119,"column":4},"end":{"line":119,"column":19}},"37":{"start":{"line":120,"column":4},"end":{"line":122,"column":5}},"38":{"start":{"line":121,"column":6},"end":{"line":121,"column":25}},"39":{"start":{"line":124,"column":4},"end":{"line":124,"column":15}},"40":{"start":{"line":134,"column":4},"end":{"line":134,"column":48}},"41":{"start":{"line":143,"column":4},"end":{"line":143,"column":22}},"42":{"start":{"line":153,"column":4},"end":{"line":153,"column":21}},"43":{"start":{"line":163,"column":4},"end":{"line":163,"column":48}},"44":{"start":{"line":164,"column":4},"end":{"line":164,"column":49}},"45":{"start":{"line":165,"column":4},"end":{"line":167,"column":5}},"46":{"start":{"line":166,"column":6},"end":{"line":166,"column":63}},"47":{"start":{"line":169,"column":4},"end":{"line":174,"column":18}},"48":{"start":{"line":178,"column":0},"end":{"line":178,"column":25}}},"branchMap":{"1":{"line":22,"type":"if","locations":[{"start":{"line":22,"column":4},"end":{"line":22,"column":4}},{"start":{"line":22,"column":4},"end":{"line":22,"column":4}}]},"2":{"line":29,"type":"if","locations":[{"start":{"line":29,"column":4},"end":{"line":29,"column":4}},{"start":{"line":29,"column":4},"end":{"line":29,"column":4}}]},"3":{"line":29,"type":"binary-expr","locations":[{"start":{"line":29,"column":8},"end":{"line":29,"column":23}},{"start":{"line":29,"column":27},"end":{"line":29,"column":47}}]},"4":{"line":32,"type":"if","locations":[{"start":{"line":32,"column":4},"end":{"line":32,"column":4}},{"start":{"line":32,"column":4},"end":{"line":32,"column":4}}]},"5":{"line":32,"type":"binary-expr","locations":[{"start":{"line":32,"column":8},"end":{"line":32,"column":20}},{"start":{"line":32,"column":24},"end":{"line":32,"column":47}}]},"6":{"line":39,"type":"binary-expr","locations":[{"start":{"line":39,"column":28},"end":{"line":39,"column":48}},{"start":{"line":39,"column":52},"end":{"line":39,"column":64}}]},"7":{"line":48,"type":"if","locations":[{"start":{"line":48,"column":4},"end":{"line":48,"column":4}},{"start":{"line":48,"column":4},"end":{"line":48,"column":4}}]},"8":{"line":53,"type":"if","locations":[{"start":{"line":53,"column":6},"end":{"line":53,"column":6}},{"start":{"line":53,"column":6},"end":{"line":53,"column":6}}]},"9":{"line":85,"type":"if","locations":[{"start":{"line":85,"column":4},"end":{"line":85,"column":4}},{"start":{"line":85,"column":4},"end":{"line":85,"column":4}}]},"10":{"line":107,"type":"if","locations":[{"start":{"line":107,"column":4},"end":{"line":107,"column":4}},{"start":{"line":107,"column":4},"end":{"line":107,"column":4}}]},"11":{"line":165,"type":"if","locations":[{"start":{"line":165,"column":4},"end":{"line":165,"column":4}},{"start":{"line":165,"column":4},"end":{"line":165,"column":4}}]}}},"/Users/erin.noe-payne/local/super-router/lib/utils.js":{"path":"/Users/erin.noe-payne/local/super-router/lib/utils.js","s":{"1":1,"2":1,"3":138,"4":138,"5":138,"6":138,"7":104,"8":34,"9":22,"10":12,"11":465,"12":2,"13":465,"14":88,"15":704,"16":300,"17":204,"18":5,"19":10,"20":199,"21":1},"b":{"1":[104,34],"2":[22,12],"3":[467,165],"4":[300,297],"5":[5,199]},"f":{"1":138,"2":465,"3":704,"4":300,"5":204},"fnMap":{"1":{"name":"(anonymous_1)","line":20,"loc":{"start":{"line":20,"column":21},"end":{"line":20,"column":30}}},"2":{"name":"(anonymous_2)","line":43,"loc":{"start":{"line":43,"column":22},"end":{"line":43,"column":29}}},"3":{"name":"(anonymous_3)","line":58,"loc":{"start":{"line":58,"column":24},"end":{"line":58,"column":33}}},"4":{"name":"(anonymous_4)","line":68,"loc":{"start":{"line":68,"column":22},"end":{"line":68,"column":31}}},"5":{"name":"(anonymous_5)","line":78,"loc":{"start":{"line":78,"column":27},"end":{"line":78,"column":41}}}},"statementMap":{"1":{"start":{"line":2,"column":0},"end":{"line":2,"column":34}},"2":{"start":{"line":3,"column":0},"end":{"line":3,"column":37}},"3":{"start":{"line":21,"column":4},"end":{"line":21,"column":35}},"4":{"start":{"line":22,"column":4},"end":{"line":22,"column":48}},"5":{"start":{"line":23,"column":4},"end":{"line":23,"column":48}},"6":{"start":{"line":25,"column":4},"end":{"line":27,"column":5}},"7":{"start":{"line":26,"column":6},"end":{"line":26,"column":15}},"8":{"start":{"line":28,"column":4},"end":{"line":30,"column":5}},"9":{"start":{"line":29,"column":6},"end":{"line":29,"column":15}},"10":{"start":{"line":31,"column":4},"end":{"line":31,"column":14}},"11":{"start":{"line":44,"column":4},"end":{"line":46,"column":5}},"12":{"start":{"line":45,"column":6},"end":{"line":45,"column":31}},"13":{"start":{"line":47,"column":4},"end":{"line":49,"column":7}},"14":{"start":{"line":48,"column":6},"end":{"line":48,"column":33}},"15":{"start":{"line":59,"column":4},"end":{"line":59,"column":32}},"16":{"start":{"line":69,"column":4},"end":{"line":69,"column":83}},"17":{"start":{"line":79,"column":4},"end":{"line":86,"column":5}},"18":{"start":{"line":80,"column":6},"end":{"line":82,"column":9}},"19":{"start":{"line":81,"column":8},"end":{"line":81,"column":42}},"20":{"start":{"line":85,"column":6},"end":{"line":85,"column":45}},"21":{"start":{"line":90,"column":0},"end":{"line":90,"column":23}}},"branchMap":{"1":{"line":25,"type":"if","locations":[{"start":{"line":25,"column":4},"end":{"line":25,"column":4}},{"start":{"line":25,"column":4},"end":{"line":25,"column":4}}]},"2":{"line":28,"type":"if","locations":[{"start":{"line":28,"column":4},"end":{"line":28,"column":4}},{"start":{"line":28,"column":4},"end":{"line":28,"column":4}}]},"3":{"line":44,"type":"binary-expr","locations":[{"start":{"line":44,"column":11},"end":{"line":44,"column":31}},{"start":{"line":44,"column":35},"end":{"line":44,"column":50}}]},"4":{"line":69,"type":"binary-expr","locations":[{"start":{"line":69,"column":11},"end":{"line":69,"column":29}},{"start":{"line":69,"column":33},"end":{"line":69,"column":82}}]},"5":{"line":79,"type":"if","locations":[{"start":{"line":79,"column":4},"end":{"line":79,"column":4}},{"start":{"line":79,"column":4},"end":{"line":79,"column":4}}]}}},"/Users/erin.noe-payne/local/super-router/lib/METHODS.js":{"path":"/Users/erin.noe-payne/local/super-router/lib/METHODS.js","s":{"1":1},"b":{},"f":{},"fnMap":{},"statementMap":{"1":{"start":{"line":4,"column":0},"end":{"line":13,"column":2}}},"branchMap":{}},"/Users/erin.noe-payne/local/super-router/lib/Response.js":{"path":"/Users/erin.noe-payne/local/super-router/lib/Response.js","s":{"1":1,"2":1,"3":1,"4":70,"5":70,"6":70,"7":70,"8":3,"9":3,"10":1,"11":2,"12":2,"13":2,"14":2,"15":2,"16":6,"17":0,"18":6,"19":8,"20":2,"21":6,"22":2,"23":4,"24":1,"25":0,"26":1,"27":11,"28":5,"29":78,"30":78,"31":9,"32":78,"33":78,"34":2,"35":2,"36":0,"37":76,"38":6,"39":6,"40":3,"41":1,"42":1,"43":1,"44":0,"45":1,"46":1},"b":{"1":[1,2],"2":[0,6],"3":[2,6],"4":[2,4],"5":[0,1],"6":[2,76],"7":[6,70],"8":[0,1]},"f":{"1":70,"2":3,"3":3,"4":2,"5":6,"6":8,"7":1,"8":11,"9":5,"10":78,"11":9,"12":3,"13":1},"fnMap":{"1":{"name":"(anonymous_1)","line":10,"loc":{"start":{"line":10,"column":13},"end":{"line":10,"column":16}}},"2":{"name":"(anonymous_2)","line":22,"loc":{"start":{"line":22,"column":16},"end":{"line":22,"column":19}}},"3":{"name":"(anonymous_3)","line":31,"loc":{"start":{"line":31,"column":16},"end":{"line":31,"column":22}}},"4":{"name":"(anonymous_4)","line":43,"loc":{"start":{"line":43,"column":13},"end":{"line":43,"column":16}}},"5":{"name":"(anonymous_5)","line":58,"loc":{"start":{"line":58,"column":11},"end":{"line":58,"column":17}}},"6":{"name":"(anonymous_6)","line":71,"loc":{"start":{"line":71,"column":11},"end":{"line":71,"column":24}}},"7":{"name":"(anonymous_7)","line":86,"loc":{"start":{"line":86,"column":13},"end":{"line":86,"column":19}}},"8":{"name":"(anonymous_8)","line":97,"loc":{"start":{"line":97,"column":10},"end":{"line":97,"column":13}}},"9":{"name":"(anonymous_9)","line":107,"loc":{"start":{"line":107,"column":9},"end":{"line":107,"column":12}}},"10":{"name":"(anonymous_10)","line":118,"loc":{"start":{"line":118,"column":9},"end":{"line":118,"column":16}}},"11":{"name":"(anonymous_11)","line":120,"loc":{"start":{"line":120,"column":29},"end":{"line":120,"column":62}}},"12":{"name":"(anonymous_12)","line":141,"loc":{"start":{"line":141,"column":5},"end":{"line":141,"column":8}}},"13":{"name":"(anonymous_13)","line":150,"loc":{"start":{"line":150,"column":10},"end":{"line":150,"column":13}}}},"statementMap":{"1":{"start":{"line":2,"column":0},"end":{"line":2,"column":43}},"2":{"start":{"line":3,"column":0},"end":{"line":3,"column":53}},"3":{"start":{"line":4,"column":0},"end":{"line":4,"column":56}},"4":{"start":{"line":11,"column":4},"end":{"line":11,"column":19}},"5":{"start":{"line":13,"column":4},"end":{"line":13,"column":32}},"6":{"start":{"line":14,"column":4},"end":{"line":14,"column":27}},"7":{"start":{"line":15,"column":4},"end":{"line":15,"column":23}},"8":{"start":{"line":23,"column":4},"end":{"line":23,"column":28}},"9":{"start":{"line":32,"column":4},"end":{"line":34,"column":5}},"10":{"start":{"line":33,"column":6},"end":{"line":33,"column":58}},"11":{"start":{"line":35,"column":4},"end":{"line":35,"column":27}},"12":{"start":{"line":44,"column":4},"end":{"line":44,"column":19}},"13":{"start":{"line":45,"column":4},"end":{"line":47,"column":5}},"14":{"start":{"line":46,"column":6},"end":{"line":46,"column":25}},"15":{"start":{"line":49,"column":4},"end":{"line":49,"column":15}},"16":{"start":{"line":59,"column":4},"end":{"line":61,"column":5}},"17":{"start":{"line":60,"column":6},"end":{"line":60,"column":67}},"18":{"start":{"line":62,"column":4},"end":{"line":62,"column":48}},"19":{"start":{"line":72,"column":4},"end":{"line":74,"column":5}},"20":{"start":{"line":73,"column":6},"end":{"line":73,"column":67}},"21":{"start":{"line":75,"column":4},"end":{"line":77,"column":5}},"22":{"start":{"line":76,"column":6},"end":{"line":76,"column":70}},"23":{"start":{"line":78,"column":4},"end":{"line":78,"column":48}},"24":{"start":{"line":87,"column":4},"end":{"line":89,"column":5}},"25":{"start":{"line":88,"column":6},"end":{"line":88,"column":67}},"26":{"start":{"line":90,"column":4},"end":{"line":90,"column":44}},"27":{"start":{"line":98,"column":4},"end":{"line":98,"column":22}},"28":{"start":{"line":108,"column":4},"end":{"line":108,"column":34}},"29":{"start":{"line":119,"column":4},"end":{"line":119,"column":72}},"30":{"start":{"line":120,"column":4},"end":{"line":122,"column":6}},"31":{"start":{"line":121,"column":6},"end":{"line":121,"column":31}},"32":{"start":{"line":123,"column":4},"end":{"line":123,"column":40}},"33":{"start":{"line":125,"column":4},"end":{"line":134,"column":5}},"34":{"start":{"line":126,"column":6},"end":{"line":126,"column":28}},"35":{"start":{"line":127,"column":6},"end":{"line":129,"column":9}},"36":{"start":{"line":128,"column":8},"end":{"line":128,"column":38}},"37":{"start":{"line":131,"column":9},"end":{"line":134,"column":5}},"38":{"start":{"line":132,"column":6},"end":{"line":132,"column":27}},"39":{"start":{"line":133,"column":6},"end":{"line":133,"column":36}},"40":{"start":{"line":142,"column":4},"end":{"line":142,"column":22}},"41":{"start":{"line":152,"column":4},"end":{"line":152,"column":48}},"42":{"start":{"line":153,"column":4},"end":{"line":153,"column":49}},"43":{"start":{"line":154,"column":4},"end":{"line":156,"column":5}},"44":{"start":{"line":155,"column":6},"end":{"line":155,"column":63}},"45":{"start":{"line":158,"column":4},"end":{"line":162,"column":18}},"46":{"start":{"line":167,"column":0},"end":{"line":167,"column":26}}},"branchMap":{"1":{"line":32,"type":"if","locations":[{"start":{"line":32,"column":4},"end":{"line":32,"column":4}},{"start":{"line":32,"column":4},"end":{"line":32,"column":4}}]},"2":{"line":59,"type":"if","locations":[{"start":{"line":59,"column":4},"end":{"line":59,"column":4}},{"start":{"line":59,"column":4},"end":{"line":59,"column":4}}]},"3":{"line":72,"type":"if","locations":[{"start":{"line":72,"column":4},"end":{"line":72,"column":4}},{"start":{"line":72,"column":4},"end":{"line":72,"column":4}}]},"4":{"line":75,"type":"if","locations":[{"start":{"line":75,"column":4},"end":{"line":75,"column":4}},{"start":{"line":75,"column":4},"end":{"line":75,"column":4}}]},"5":{"line":87,"type":"if","locations":[{"start":{"line":87,"column":4},"end":{"line":87,"column":4}},{"start":{"line":87,"column":4},"end":{"line":87,"column":4}}]},"6":{"line":125,"type":"if","locations":[{"start":{"line":125,"column":4},"end":{"line":125,"column":4}},{"start":{"line":125,"column":4},"end":{"line":125,"column":4}}]},"7":{"line":131,"type":"if","locations":[{"start":{"line":131,"column":9},"end":{"line":131,"column":9}},{"start":{"line":131,"column":9},"end":{"line":131,"column":9}}]},"8":{"line":154,"type":"if","locations":[{"start":{"line":154,"column":4},"end":{"line":154,"column":4}},{"start":{"line":154,"column":4},"end":{"line":154,"column":4}}]}}},"/Users/erin.noe-payne/local/super-router/lib/Route.js":{"path":"/Users/erin.noe-payne/local/super-router/lib/Route.js","s":{"1":1,"2":1,"3":1,"4":1,"5":1,"6":1,"7":1,"8":304,"9":2,"10":302,"11":2,"12":300,"13":1,"14":299,"15":1,"16":298,"17":3,"18":295,"19":295,"20":295,"21":295,"22":295,"23":295,"24":243,"25":348,"26":84,"27":70,"28":64,"29":316,"30":316,"31":312,"32":316,"33":316,"34":320,"35":82,"36":65,"37":1,"38":64,"39":27,"40":2,"41":25,"42":25,"43":25,"44":1,"45":24,"46":1,"47":23,"48":23,"49":4,"50":19,"51":19,"52":19,"53":19,"54":6,"55":3,"56":3,"57":0,"58":1},"b":{"1":[2,302],"2":[2,300],"3":[1,299],"4":[300,10],"5":[1,298],"6":[299,206],"7":[3,295],"8":[298,204],"9":[295,90],"10":[295,94],"11":[64,21],"12":[312,4],"13":[1,64],"14":[64,63],"15":[2,25],"16":[1,24],"17":[1,23],"18":[4,19],"19":[3,3]},"f":{"1":304,"2":243,"3":348,"4":84,"5":70,"6":64,"7":316,"8":316,"9":316,"10":320,"11":82,"12":65,"13":27},"fnMap":{"1":{"name":"(anonymous_1)","line":29,"loc":{"start":{"line":29,"column":13},"end":{"line":29,"column":23}}},"2":{"name":"(anonymous_2)","line":60,"loc":{"start":{"line":60,"column":10},"end":{"line":60,"column":13}}},"3":{"name":"(anonymous_3)","line":69,"loc":{"start":{"line":69,"column":13},"end":{"line":69,"column":16}}},"4":{"name":"(anonymous_4)","line":78,"loc":{"start":{"line":78,"column":13},"end":{"line":78,"column":16}}},"5":{"name":"(anonymous_5)","line":87,"loc":{"start":{"line":87,"column":18},"end":{"line":87,"column":21}}},"6":{"name":"(anonymous_6)","line":98,"loc":{"start":{"line":98,"column":16},"end":{"line":98,"column":25}}},"7":{"name":"(anonymous_7)","line":109,"loc":{"start":{"line":109,"column":29},"end":{"line":109,"column":43}}},"8":{"name":"(anonymous_8)","line":120,"loc":{"start":{"line":120,"column":24},"end":{"line":120,"column":38}}},"9":{"name":"(anonymous_9)","line":134,"loc":{"start":{"line":134,"column":22},"end":{"line":134,"column":36}}},"10":{"name":"(anonymous_10)","line":135,"loc":{"start":{"line":135,"column":30},"end":{"line":135,"column":48}}},"11":{"name":"(anonymous_11)","line":149,"loc":{"start":{"line":149,"column":12},"end":{"line":149,"column":19}}},"12":{"name":"(anonymous_12)","line":159,"loc":{"start":{"line":159,"column":9},"end":{"line":159,"column":19}}},"13":{"name":"(anonymous_13)","line":177,"loc":{"start":{"line":177,"column":9},"end":{"line":177,"column":19}}}},"statementMap":{"1":{"start":{"line":2,"column":0},"end":{"line":2,"column":38}},"2":{"start":{"line":3,"column":0},"end":{"line":3,"column":33}},"3":{"start":{"line":4,"column":0},"end":{"line":4,"column":39}},"4":{"start":{"line":5,"column":0},"end":{"line":5,"column":41}},"5":{"start":{"line":6,"column":0},"end":{"line":6,"column":41}},"6":{"start":{"line":7,"column":0},"end":{"line":7,"column":42}},"7":{"start":{"line":8,"column":0},"end":{"line":8,"column":44}},"8":{"start":{"line":30,"column":4},"end":{"line":32,"column":5}},"9":{"start":{"line":31,"column":6},"end":{"line":31,"column":56}},"10":{"start":{"line":33,"column":4},"end":{"line":35,"column":5}},"11":{"start":{"line":34,"column":6},"end":{"line":34,"column":57}},"12":{"start":{"line":36,"column":4},"end":{"line":38,"column":5}},"13":{"start":{"line":37,"column":6},"end":{"line":37,"column":62}},"14":{"start":{"line":39,"column":4},"end":{"line":41,"column":5}},"15":{"start":{"line":40,"column":6},"end":{"line":40,"column":52}},"16":{"start":{"line":42,"column":4},"end":{"line":44,"column":5}},"17":{"start":{"line":43,"column":6},"end":{"line":43,"column":67}},"18":{"start":{"line":46,"column":4},"end":{"line":46,"column":28}},"19":{"start":{"line":48,"column":4},"end":{"line":48,"column":64}},"20":{"start":{"line":49,"column":4},"end":{"line":49,"column":85}},"21":{"start":{"line":50,"column":4},"end":{"line":50,"column":36}},"22":{"start":{"line":51,"column":4},"end":{"line":51,"column":46}},"23":{"start":{"line":52,"column":4},"end":{"line":52,"column":48}},"24":{"start":{"line":61,"column":4},"end":{"line":61,"column":22}},"25":{"start":{"line":70,"column":4},"end":{"line":70,"column":25}},"26":{"start":{"line":79,"column":4},"end":{"line":79,"column":25}},"27":{"start":{"line":88,"column":4},"end":{"line":88,"column":30}},"28":{"start":{"line":99,"column":4},"end":{"line":99,"column":138}},"29":{"start":{"line":110,"column":4},"end":{"line":110,"column":79}},"30":{"start":{"line":121,"column":4},"end":{"line":123,"column":5}},"31":{"start":{"line":122,"column":6},"end":{"line":122,"column":34}},"32":{"start":{"line":124,"column":4},"end":{"line":124,"column":23}},"33":{"start":{"line":135,"column":4},"end":{"line":137,"column":7}},"34":{"start":{"line":136,"column":6},"end":{"line":136,"column":43}},"35":{"start":{"line":150,"column":4},"end":{"line":150,"column":36}},"36":{"start":{"line":160,"column":4},"end":{"line":162,"column":5}},"37":{"start":{"line":161,"column":6},"end":{"line":161,"column":89}},"38":{"start":{"line":163,"column":4},"end":{"line":163,"column":92}},"39":{"start":{"line":178,"column":4},"end":{"line":180,"column":5}},"40":{"start":{"line":179,"column":6},"end":{"line":179,"column":56}},"41":{"start":{"line":182,"column":4},"end":{"line":182,"column":37}},"42":{"start":{"line":183,"column":4},"end":{"line":183,"column":38}},"43":{"start":{"line":185,"column":4},"end":{"line":187,"column":5}},"44":{"start":{"line":186,"column":6},"end":{"line":186,"column":73}},"45":{"start":{"line":188,"column":4},"end":{"line":190,"column":5}},"46":{"start":{"line":189,"column":6},"end":{"line":189,"column":75}},"47":{"start":{"line":192,"column":4},"end":{"line":192,"column":29}},"48":{"start":{"line":193,"column":4},"end":{"line":195,"column":5}},"49":{"start":{"line":194,"column":6},"end":{"line":194,"column":17}},"50":{"start":{"line":196,"column":4},"end":{"line":212,"column":5}},"51":{"start":{"line":197,"column":6},"end":{"line":197,"column":58}},"52":{"start":{"line":199,"column":6},"end":{"line":208,"column":9}},"53":{"start":{"line":200,"column":8},"end":{"line":200,"column":37}},"54":{"start":{"line":202,"column":8},"end":{"line":207,"column":9}},"55":{"start":{"line":203,"column":10},"end":{"line":203,"column":65}},"56":{"start":{"line":206,"column":10},"end":{"line":206,"column":22}},"57":{"start":{"line":211,"column":6},"end":{"line":211,"column":27}},"58":{"start":{"line":217,"column":0},"end":{"line":217,"column":23}}},"branchMap":{"1":{"line":30,"type":"if","locations":[{"start":{"line":30,"column":4},"end":{"line":30,"column":4}},{"start":{"line":30,"column":4},"end":{"line":30,"column":4}}]},"2":{"line":33,"type":"if","locations":[{"start":{"line":33,"column":4},"end":{"line":33,"column":4}},{"start":{"line":33,"column":4},"end":{"line":33,"column":4}}]},"3":{"line":36,"type":"if","locations":[{"start":{"line":36,"column":4},"end":{"line":36,"column":4}},{"start":{"line":36,"column":4},"end":{"line":36,"column":4}}]},"4":{"line":36,"type":"binary-expr","locations":[{"start":{"line":36,"column":8},"end":{"line":36,"column":44}},{"start":{"line":36,"column":48},"end":{"line":36,"column":83}}]},"5":{"line":39,"type":"if","locations":[{"start":{"line":39,"column":4},"end":{"line":39,"column":4}},{"start":{"line":39,"column":4},"end":{"line":39,"column":4}}]},"6":{"line":39,"type":"binary-expr","locations":[{"start":{"line":39,"column":8},"end":{"line":39,"column":20}},{"start":{"line":39,"column":24},"end":{"line":39,"column":49}}]},"7":{"line":42,"type":"if","locations":[{"start":{"line":42,"column":4},"end":{"line":42,"column":4}},{"start":{"line":42,"column":4},"end":{"line":42,"column":4}}]},"8":{"line":42,"type":"binary-expr","locations":[{"start":{"line":42,"column":8},"end":{"line":42,"column":23}},{"start":{"line":42,"column":27},"end":{"line":42,"column":69}}]},"9":{"line":48,"type":"binary-expr","locations":[{"start":{"line":48,"column":40},"end":{"line":48,"column":52}},{"start":{"line":48,"column":56},"end":{"line":48,"column":62}}]},"10":{"line":49,"type":"binary-expr","locations":[{"start":{"line":49,"column":53},"end":{"line":49,"column":68}},{"start":{"line":49,"column":72},"end":{"line":49,"column":83}}]},"11":{"line":99,"type":"binary-expr","locations":[{"start":{"line":99,"column":12},"end":{"line":99,"column":49}},{"start":{"line":99,"column":55},"end":{"line":99,"column":136}}]},"12":{"line":121,"type":"if","locations":[{"start":{"line":121,"column":4},"end":{"line":121,"column":4}},{"start":{"line":121,"column":4},"end":{"line":121,"column":4}}]},"13":{"line":160,"type":"if","locations":[{"start":{"line":160,"column":4},"end":{"line":160,"column":4}},{"start":{"line":160,"column":4},"end":{"line":160,"column":4}}]},"14":{"line":163,"type":"binary-expr","locations":[{"start":{"line":163,"column":11},"end":{"line":163,"column":46}},{"start":{"line":163,"column":50},"end":{"line":163,"column":91}}]},"15":{"line":178,"type":"if","locations":[{"start":{"line":178,"column":4},"end":{"line":178,"column":4}},{"start":{"line":178,"column":4},"end":{"line":178,"column":4}}]},"16":{"line":185,"type":"if","locations":[{"start":{"line":185,"column":4},"end":{"line":185,"column":4}},{"start":{"line":185,"column":4},"end":{"line":185,"column":4}}]},"17":{"line":188,"type":"if","locations":[{"start":{"line":188,"column":4},"end":{"line":188,"column":4}},{"start":{"line":188,"column":4},"end":{"line":188,"column":4}}]},"18":{"line":193,"type":"if","locations":[{"start":{"line":193,"column":4},"end":{"line":193,"column":4}},{"start":{"line":193,"column":4},"end":{"line":193,"column":4}}]},"19":{"line":202,"type":"if","locations":[{"start":{"line":202,"column":8},"end":{"line":202,"column":8}},{"start":{"line":202,"column":8},"end":{"line":202,"column":8}}]}}},"/Users/erin.noe-payne/local/super-router/lib/index.js":{"path":"/Users/erin.noe-payne/local/super-router/lib/index.js","s":{"1":1,"2":1,"3":1,"4":1,"5":1},"b":{},"f":{},"fnMap":{},"statementMap":{"1":{"start":{"line":3,"column":0},"end":{"line":3,"column":42}},"2":{"start":{"line":4,"column":0},"end":{"line":4,"column":43}},"3":{"start":{"line":5,"column":0},"end":{"line":5,"column":41}},"4":{"start":{"line":6,"column":0},"end":{"line":6,"column":38}},"5":{"start":{"line":7,"column":0},"end":{"line":7,"column":45}}},"branchMap":{}},"/Users/erin.noe-payne/local/super-router/lib/Router.js":{"path":"/Users/erin.noe-payne/local/super-router/lib/Router.js","s":{"1":11,"2":11,"3":11,"4":11,"5":15,"6":15,"7":15,"8":19,"9":18,"10":19,"11":2,"12":17,"13":3,"14":3,"15":3,"16":1,"17":1,"18":1,"19":1,"20":2,"21":2,"22":2,"23":1,"24":11},"b":{"1":[18,1],"2":[2,17],"3":[19,18],"4":[1,2],"5":[1,1]},"f":{"1":15,"2":19,"3":3,"4":2},"fnMap":{"1":{"name":"(anonymous_1)","line":13,"loc":{"start":{"line":13,"column":13},"end":{"line":13,"column":16}}},"2":{"name":"(anonymous_2)","line":45,"loc":{"start":{"line":45,"column":10},"end":{"line":45,"column":18}}},"3":{"name":"(anonymous_3)","line":69,"loc":{"start":{"line":69,"column":7},"end":{"line":69,"column":17}}},"4":{"name":"(anonymous_4)","line":92,"loc":{"start":{"line":92,"column":9},"end":{"line":92,"column":19}}}},"statementMap":{"1":{"start":{"line":3,"column":0},"end":{"line":3,"column":37}},"2":{"start":{"line":4,"column":0},"end":{"line":4,"column":41}},"3":{"start":{"line":6,"column":0},"end":{"line":6,"column":22}},"4":{"start":{"line":7,"column":0},"end":{"line":7,"column":22}},"5":{"start":{"line":14,"column":4},"end":{"line":14,"column":39}},"6":{"start":{"line":16,"column":4},"end":{"line":16,"column":41}},"7":{"start":{"line":17,"column":4},"end":{"line":17,"column":43}},"8":{"start":{"line":46,"column":4},"end":{"line":48,"column":5}},"9":{"start":{"line":47,"column":6},"end":{"line":47,"column":31}},"10":{"start":{"line":50,"column":4},"end":{"line":52,"column":5}},"11":{"start":{"line":51,"column":6},"end":{"line":51,"column":86}},"12":{"start":{"line":54,"column":4},"end":{"line":54,"column":37}},"13":{"start":{"line":70,"column":4},"end":{"line":70,"column":36}},"14":{"start":{"line":72,"column":4},"end":{"line":72,"column":58}},"15":{"start":{"line":74,"column":4},"end":{"line":79,"column":5}},"16":{"start":{"line":75,"column":6},"end":{"line":75,"column":66}},"17":{"start":{"line":76,"column":6},"end":{"line":76,"column":34}},"18":{"start":{"line":77,"column":6},"end":{"line":77,"column":29}},"19":{"start":{"line":78,"column":6},"end":{"line":78,"column":18}},"20":{"start":{"line":93,"column":4},"end":{"line":93,"column":37}},"21":{"start":{"line":94,"column":4},"end":{"line":94,"column":38}},"22":{"start":{"line":96,"column":4},"end":{"line":98,"column":5}},"23":{"start":{"line":97,"column":6},"end":{"line":97,"column":65}},"24":{"start":{"line":103,"column":0},"end":{"line":103,"column":24}}},"branchMap":{"1":{"line":46,"type":"if","locations":[{"start":{"line":46,"column":4},"end":{"line":46,"column":4}},{"start":{"line":46,"column":4},"end":{"line":46,"column":4}}]},"2":{"line":50,"type":"if","locations":[{"start":{"line":50,"column":4},"end":{"line":50,"column":4}},{"start":{"line":50,"column":4},"end":{"line":50,"column":4}}]},"3":{"line":50,"type":"binary-expr","locations":[{"start":{"line":50,"column":8},"end":{"line":50,"column":31}},{"start":{"line":50,"column":35},"end":{"line":50,"column":61}}]},"4":{"line":74,"type":"if","locations":[{"start":{"line":74,"column":4},"end":{"line":74,"column":4}},{"start":{"line":74,"column":4},"end":{"line":74,"column":4}}]},"5":{"line":96,"type":"if","locations":[{"start":{"line":96,"column":4},"end":{"line":96,"column":4}},{"start":{"line":96,"column":4},"end":{"line":96,"column":4}}]}}},"/Users/erin.noe-payne/local/super-router/lib/RouteTree.js":{"path":"/Users/erin.noe-payne/local/super-router/lib/RouteTree.js","s":{"1":1,"2":0,"3":0,"4":0,"5":1},"b":{},"f":{"1":0,"2":0,"3":0},"fnMap":{"1":{"name":"(anonymous_1)","line":6,"loc":{"start":{"line":6,"column":13},"end":{"line":6,"column":16}}},"2":{"name":"(anonymous_2)","line":10,"loc":{"start":{"line":10,"column":10},"end":{"line":10,"column":18}}},"3":{"name":"(anonymous_3)","line":14,"loc":{"start":{"line":14,"column":6},"end":{"line":14,"column":16}}}},"statementMap":{"1":{"start":{"line":3,"column":0},"end":{"line":3,"column":32}},"2":{"start":{"line":7,"column":4},"end":{"line":7,"column":42}},"3":{"start":{"line":11,"column":4},"end":{"line":11,"column":36}},"4":{"start":{"line":15,"column":4},"end":{"line":15,"column":36}},"5":{"start":{"line":20,"column":0},"end":{"line":20,"column":27}}},"branchMap":{}},"/Users/erin.noe-payne/local/super-router/lib/Node.js":{"path":"/Users/erin.noe-payne/local/super-router/lib/Node.js","s":{"1":1,"2":1,"3":1,"4":1,"5":1,"6":84,"7":2,"8":82,"9":2,"10":80,"11":1,"12":79,"13":79,"14":79,"15":79,"16":79,"17":0,"18":0,"19":332,"20":4,"21":99,"22":87,"23":99,"24":1,"25":98,"26":1,"27":97,"28":98,"29":3,"30":95,"31":52,"32":0,"33":52,"34":1,"35":51,"36":4,"37":5,"38":6,"39":109,"40":23,"41":12,"42":0,"43":12,"44":2,"45":10,"46":3,"47":7,"48":11,"49":4,"50":3,"51":3,"52":3,"53":6,"54":4,"55":4,"56":3,"57":4,"58":4,"59":3,"60":3,"61":2,"62":1,"63":1,"64":1,"65":1,"66":1,"67":1,"68":1,"69":1,"70":0,"71":0,"72":0,"73":0,"74":0,"75":1},"b":{"1":[2,82],"2":[2,80],"3":[1,79],"4":[87,12],"5":[1,98],"6":[1,97],"7":[3,95],"8":[0,52],"9":[1,51],"10":[0,12],"11":[2,10],"12":[3,7],"13":[4,7],"14":[4,2],"15":[3,1],"16":[2,1],"17":[1,0]},"f":{"1":84,"2":332,"3":4,"4":99,"5":52,"6":4,"7":5,"8":6,"9":109,"10":23,"11":12,"12":4,"13":0},"fnMap":{"1":{"name":"(anonymous_1)","line":25,"loc":{"start":{"line":25,"column":13},"end":{"line":25,"column":23}}},"2":{"name":"(anonymous_2)","line":57,"loc":{"start":{"line":57,"column":10},"end":{"line":57,"column":13}}},"3":{"name":"(anonymous_3)","line":70,"loc":{"start":{"line":70,"column":12},"end":{"line":70,"column":19}}},"4":{"name":"(anonymous_4)","line":83,"loc":{"start":{"line":83,"column":10},"end":{"line":83,"column":18}}},"5":{"name":"(anonymous_5)","line":108,"loc":{"start":{"line":108,"column":10},"end":{"line":108,"column":17}}},"6":{"name":"(anonymous_6)","line":124,"loc":{"start":{"line":124,"column":13},"end":{"line":124,"column":16}}},"7":{"name":"(anonymous_7)","line":133,"loc":{"start":{"line":133,"column":11},"end":{"line":133,"column":14}}},"8":{"name":"(anonymous_8)","line":143,"loc":{"start":{"line":143,"column":10},"end":{"line":143,"column":18}}},"9":{"name":"(anonymous_9)","line":153,"loc":{"start":{"line":153,"column":8},"end":{"line":153,"column":16}}},"10":{"name":"(anonymous_10)","line":163,"loc":{"start":{"line":163,"column":11},"end":{"line":163,"column":19}}},"11":{"name":"(anonymous_11)","line":177,"loc":{"start":{"line":177,"column":8},"end":{"line":177,"column":16}}},"12":{"name":"(anonymous_12)","line":215,"loc":{"start":{"line":215,"column":6},"end":{"line":215,"column":16}}},"13":{"name":"(anonymous_13)","line":245,"loc":{"start":{"line":245,"column":10},"end":{"line":245,"column":13}}}},"statementMap":{"1":{"start":{"line":2,"column":0},"end":{"line":2,"column":38}},"2":{"start":{"line":3,"column":0},"end":{"line":3,"column":39}},"3":{"start":{"line":4,"column":0},"end":{"line":4,"column":39}},"4":{"start":{"line":5,"column":0},"end":{"line":5,"column":41}},"5":{"start":{"line":6,"column":0},"end":{"line":6,"column":44}},"6":{"start":{"line":26,"column":4},"end":{"line":28,"column":5}},"7":{"start":{"line":27,"column":6},"end":{"line":27,"column":56}},"8":{"start":{"line":29,"column":4},"end":{"line":31,"column":5}},"9":{"start":{"line":30,"column":6},"end":{"line":30,"column":52}},"10":{"start":{"line":32,"column":4},"end":{"line":34,"column":5}},"11":{"start":{"line":33,"column":6},"end":{"line":33,"column":65}},"12":{"start":{"line":36,"column":4},"end":{"line":36,"column":55}},"13":{"start":{"line":37,"column":4},"end":{"line":37,"column":49}},"14":{"start":{"line":38,"column":4},"end":{"line":38,"column":31}},"15":{"start":{"line":39,"column":4},"end":{"line":39,"column":31}},"16":{"start":{"line":41,"column":4},"end":{"line":49,"column":7}},"17":{"start":{"line":45,"column":8},"end":{"line":45,"column":42}},"18":{"start":{"line":47,"column":8},"end":{"line":47,"column":42}},"19":{"start":{"line":58,"column":4},"end":{"line":58,"column":22}},"20":{"start":{"line":71,"column":4},"end":{"line":71,"column":36}},"21":{"start":{"line":84,"column":4},"end":{"line":86,"column":5}},"22":{"start":{"line":85,"column":6},"end":{"line":85,"column":31}},"23":{"start":{"line":87,"column":4},"end":{"line":89,"column":5}},"24":{"start":{"line":88,"column":6},"end":{"line":88,"column":62}},"25":{"start":{"line":90,"column":4},"end":{"line":92,"column":5}},"26":{"start":{"line":91,"column":6},"end":{"line":91,"column":76}},"27":{"start":{"line":93,"column":4},"end":{"line":99,"column":7}},"28":{"start":{"line":94,"column":6},"end":{"line":96,"column":7}},"29":{"start":{"line":95,"column":8},"end":{"line":95,"column":91}},"30":{"start":{"line":97,"column":6},"end":{"line":97,"column":38}},"31":{"start":{"line":109,"column":4},"end":{"line":111,"column":5}},"32":{"start":{"line":110,"column":6},"end":{"line":110,"column":28}},"33":{"start":{"line":112,"column":4},"end":{"line":114,"column":5}},"34":{"start":{"line":113,"column":6},"end":{"line":113,"column":77}},"35":{"start":{"line":116,"column":4},"end":{"line":116,"column":40}},"36":{"start":{"line":125,"column":4},"end":{"line":125,"column":47}},"37":{"start":{"line":134,"column":4},"end":{"line":134,"column":45}},"38":{"start":{"line":144,"column":4},"end":{"line":144,"column":59}},"39":{"start":{"line":154,"column":4},"end":{"line":154,"column":59}},"40":{"start":{"line":164,"column":4},"end":{"line":164,"column":60}},"41":{"start":{"line":178,"column":4},"end":{"line":180,"column":5}},"42":{"start":{"line":179,"column":6},"end":{"line":179,"column":31}},"43":{"start":{"line":182,"column":4},"end":{"line":184,"column":5}},"44":{"start":{"line":183,"column":6},"end":{"line":183,"column":115}},"45":{"start":{"line":186,"column":4},"end":{"line":188,"column":5}},"46":{"start":{"line":187,"column":6},"end":{"line":187,"column":34}},"47":{"start":{"line":190,"column":4},"end":{"line":194,"column":5}},"48":{"start":{"line":191,"column":6},"end":{"line":193,"column":7}},"49":{"start":{"line":192,"column":8},"end":{"line":192,"column":35}},"50":{"start":{"line":196,"column":4},"end":{"line":196,"column":52}},"51":{"start":{"line":197,"column":4},"end":{"line":197,"column":28}},"52":{"start":{"line":198,"column":4},"end":{"line":203,"column":7}},"53":{"start":{"line":199,"column":6},"end":{"line":202,"column":7}},"54":{"start":{"line":200,"column":8},"end":{"line":200,"column":36}},"55":{"start":{"line":201,"column":8},"end":{"line":201,"column":32}},"56":{"start":{"line":204,"column":4},"end":{"line":204,"column":27}},"57":{"start":{"line":216,"column":4},"end":{"line":216,"column":14}},"58":{"start":{"line":217,"column":4},"end":{"line":228,"column":5}},"59":{"start":{"line":218,"column":6},"end":{"line":218,"column":47}},"60":{"start":{"line":219,"column":6},"end":{"line":227,"column":7}},"61":{"start":{"line":220,"column":8},"end":{"line":220,"column":21}},"62":{"start":{"line":223,"column":8},"end":{"line":223,"column":93}},"63":{"start":{"line":224,"column":8},"end":{"line":224,"column":38}},"64":{"start":{"line":225,"column":8},"end":{"line":225,"column":31}},"65":{"start":{"line":226,"column":8},"end":{"line":226,"column":20}},"66":{"start":{"line":230,"column":4},"end":{"line":235,"column":5}},"67":{"start":{"line":231,"column":6},"end":{"line":231,"column":34}},"68":{"start":{"line":232,"column":6},"end":{"line":234,"column":7}},"69":{"start":{"line":233,"column":8},"end":{"line":233,"column":21}},"70":{"start":{"line":237,"column":4},"end":{"line":237,"column":16}},"71":{"start":{"line":246,"column":4},"end":{"line":253,"column":6}},"72":{"start":{"line":248,"column":8},"end":{"line":248,"column":29}},"73":{"start":{"line":251,"column":8},"end":{"line":251,"column":30}},"74":{"start":{"line":254,"column":4},"end":{"line":254,"column":16}},"75":{"start":{"line":258,"column":0},"end":{"line":258,"column":22}}},"branchMap":{"1":{"line":26,"type":"if","locations":[{"start":{"line":26,"column":4},"end":{"line":26,"column":4}},{"start":{"line":26,"column":4},"end":{"line":26,"column":4}}]},"2":{"line":29,"type":"if","locations":[{"start":{"line":29,"column":4},"end":{"line":29,"column":4}},{"start":{"line":29,"column":4},"end":{"line":29,"column":4}}]},"3":{"line":32,"type":"if","locations":[{"start":{"line":32,"column":4},"end":{"line":32,"column":4}},{"start":{"line":32,"column":4},"end":{"line":32,"column":4}}]},"4":{"line":84,"type":"if","locations":[{"start":{"line":84,"column":4},"end":{"line":84,"column":4}},{"start":{"line":84,"column":4},"end":{"line":84,"column":4}}]},"5":{"line":87,"type":"if","locations":[{"start":{"line":87,"column":4},"end":{"line":87,"column":4}},{"start":{"line":87,"column":4},"end":{"line":87,"column":4}}]},"6":{"line":90,"type":"if","locations":[{"start":{"line":90,"column":4},"end":{"line":90,"column":4}},{"start":{"line":90,"column":4},"end":{"line":90,"column":4}}]},"7":{"line":94,"type":"if","locations":[{"start":{"line":94,"column":6},"end":{"line":94,"column":6}},{"start":{"line":94,"column":6},"end":{"line":94,"column":6}}]},"8":{"line":109,"type":"if","locations":[{"start":{"line":109,"column":4},"end":{"line":109,"column":4}},{"start":{"line":109,"column":4},"end":{"line":109,"column":4}}]},"9":{"line":112,"type":"if","locations":[{"start":{"line":112,"column":4},"end":{"line":112,"column":4}},{"start":{"line":112,"column":4},"end":{"line":112,"column":4}}]},"10":{"line":178,"type":"if","locations":[{"start":{"line":178,"column":4},"end":{"line":178,"column":4}},{"start":{"line":178,"column":4},"end":{"line":178,"column":4}}]},"11":{"line":182,"type":"if","locations":[{"start":{"line":182,"column":4},"end":{"line":182,"column":4}},{"start":{"line":182,"column":4},"end":{"line":182,"column":4}}]},"12":{"line":186,"type":"if","locations":[{"start":{"line":186,"column":4},"end":{"line":186,"column":4}},{"start":{"line":186,"column":4},"end":{"line":186,"column":4}}]},"13":{"line":191,"type":"if","locations":[{"start":{"line":191,"column":6},"end":{"line":191,"column":6}},{"start":{"line":191,"column":6},"end":{"line":191,"column":6}}]},"14":{"line":199,"type":"if","locations":[{"start":{"line":199,"column":6},"end":{"line":199,"column":6}},{"start":{"line":199,"column":6},"end":{"line":199,"column":6}}]},"15":{"line":217,"type":"if","locations":[{"start":{"line":217,"column":4},"end":{"line":217,"column":4}},{"start":{"line":217,"column":4},"end":{"line":217,"column":4}}]},"16":{"line":219,"type":"if","locations":[{"start":{"line":219,"column":6},"end":{"line":219,"column":6}},{"start":{"line":219,"column":6},"end":{"line":219,"column":6}}]},"17":{"line":232,"type":"if","locations":[{"start":{"line":232,"column":6},"end":{"line":232,"column":6}},{"start":{"line":232,"column":6},"end":{"line":232,"column":6}}]}}},"/Users/erin.noe-payne/local/super-router/lib/App.js":{"path":"/Users/erin.noe-payne/local/super-router/lib/App.js","s":{"1":9,"2":9,"3":9,"4":9,"5":9,"6":34,"7":54,"8":45,"9":99,"10":2,"11":99,"12":4,"13":99,"14":99,"15":19,"16":1,"17":19,"18":19,"19":19,"20":81,"21":81,"22":81,"23":45,"24":31,"25":30,"26":36,"27":1,"28":35,"29":19,"30":18,"31":19,"32":17,"33":9},"b":{"1":[2,97],"2":[4,95],"3":[1,18],"4":[45,36],"5":[30,1],"6":[1,35],"7":[18,1]},"f":{"1":34,"2":54,"3":45,"4":99,"5":19},"fnMap":{"1":{"name":"(anonymous_1)","line":12,"loc":{"start":{"line":12,"column":13},"end":{"line":12,"column":16}}},"2":{"name":"(anonymous_2)","line":23,"loc":{"start":{"line":23,"column":6},"end":{"line":23,"column":14}}},"3":{"name":"(anonymous_3)","line":34,"loc":{"start":{"line":34,"column":7},"end":{"line":34,"column":15}}},"4":{"name":"(anonymous_4)","line":80,"loc":{"start":{"line":80,"column":16},"end":{"line":80,"column":32}}},"5":{"name":"(anonymous_5)","line":100,"loc":{"start":{"line":100,"column":16},"end":{"line":100,"column":26}}}},"statementMap":{"1":{"start":{"line":2,"column":0},"end":{"line":2,"column":35}},"2":{"start":{"line":3,"column":0},"end":{"line":3,"column":36}},"3":{"start":{"line":4,"column":0},"end":{"line":4,"column":38}},"4":{"start":{"line":5,"column":0},"end":{"line":5,"column":39}},"5":{"start":{"line":6,"column":0},"end":{"line":6,"column":30}},"6":{"start":{"line":13,"column":4},"end":{"line":13,"column":31}},"7":{"start":{"line":24,"column":4},"end":{"line":24,"column":46}},"8":{"start":{"line":36,"column":4},"end":{"line":36,"column":48}},"9":{"start":{"line":81,"column":4},"end":{"line":83,"column":5}},"10":{"start":{"line":82,"column":6},"end":{"line":82,"column":34}},"11":{"start":{"line":84,"column":4},"end":{"line":86,"column":5}},"12":{"start":{"line":85,"column":6},"end":{"line":85,"column":31}},"13":{"start":{"line":88,"column":4},"end":{"line":88,"column":45}},"14":{"start":{"line":89,"column":4},"end":{"line":89,"column":16}},"15":{"start":{"line":101,"column":4},"end":{"line":103,"column":5}},"16":{"start":{"line":102,"column":6},"end":{"line":102,"column":37}},"17":{"start":{"line":105,"column":4},"end":{"line":105,"column":25}},"18":{"start":{"line":106,"column":4},"end":{"line":106,"column":36}},"19":{"start":{"line":107,"column":4},"end":{"line":128,"column":7}},"20":{"start":{"line":108,"column":6},"end":{"line":108,"column":37}},"21":{"start":{"line":109,"column":6},"end":{"line":109,"column":39}},"22":{"start":{"line":111,"column":6},"end":{"line":127,"column":7}},"23":{"start":{"line":112,"column":8},"end":{"line":116,"column":11}},"24":{"start":{"line":113,"column":10},"end":{"line":115,"column":11}},"25":{"start":{"line":114,"column":12},"end":{"line":114,"column":56}},"26":{"start":{"line":119,"column":8},"end":{"line":121,"column":9}},"27":{"start":{"line":120,"column":10},"end":{"line":120,"column":17}},"28":{"start":{"line":122,"column":8},"end":{"line":126,"column":11}},"29":{"start":{"line":123,"column":10},"end":{"line":125,"column":11}},"30":{"start":{"line":124,"column":12},"end":{"line":124,"column":63}},"31":{"start":{"line":130,"column":4},"end":{"line":132,"column":7}},"32":{"start":{"line":131,"column":6},"end":{"line":131,"column":22}},"33":{"start":{"line":136,"column":0},"end":{"line":136,"column":21}}},"branchMap":{"1":{"line":81,"type":"if","locations":[{"start":{"line":81,"column":4},"end":{"line":81,"column":4}},{"start":{"line":81,"column":4},"end":{"line":81,"column":4}}]},"2":{"line":84,"type":"if","locations":[{"start":{"line":84,"column":4},"end":{"line":84,"column":4}},{"start":{"line":84,"column":4},"end":{"line":84,"column":4}}]},"3":{"line":101,"type":"if","locations":[{"start":{"line":101,"column":4},"end":{"line":101,"column":4}},{"start":{"line":101,"column":4},"end":{"line":101,"column":4}}]},"4":{"line":111,"type":"if","locations":[{"start":{"line":111,"column":6},"end":{"line":111,"column":6}},{"start":{"line":111,"column":6},"end":{"line":111,"column":6}}]},"5":{"line":113,"type":"if","locations":[{"start":{"line":113,"column":10},"end":{"line":113,"column":10}},{"start":{"line":113,"column":10},"end":{"line":113,"column":10}}]},"6":{"line":119,"type":"if","locations":[{"start":{"line":119,"column":8},"end":{"line":119,"column":8}},{"start":{"line":119,"column":8},"end":{"line":119,"column":8}}]},"7":{"line":123,"type":"if","locations":[{"start":{"line":123,"column":10},"end":{"line":123,"column":10}},{"start":{"line":123,"column":10},"end":{"line":123,"column":10}}]}}},"/Users/erin.noe-payne/local/super-router/lib/middleware/index.js":{"path":"/Users/erin.noe-payne/local/super-router/lib/middleware/index.js","s":{"1":1},"b":{},"f":{},"fnMap":{},"statementMap":{"1":{"start":{"line":3,"column":0},"end":{"line":3,"column":62}}},"branchMap":{}},"/Users/erin.noe-payne/local/super-router/lib/middleware/ContentNegotiation.js":{"path":"/Users/erin.noe-payne/local/super-router/lib/middleware/ContentNegotiation.js","s":{"1":1,"2":4,"3":4,"4":1,"5":3,"6":3,"7":3,"8":2,"9":2,"10":1,"11":1,"12":1,"13":1,"14":1,"15":3,"16":3,"17":3,"18":3,"19":1,"20":1,"21":1,"22":1,"23":1,"24":5,"25":5,"26":1},"b":{"1":[1,3],"2":[1,0],"3":[5,1]},"f":{"1":4,"2":1,"3":5},"fnMap":{"1":{"name":"(anonymous_1)","line":7,"loc":{"start":{"line":7,"column":16},"end":{"line":7,"column":23}}},"2":{"name":"(anonymous_2)","line":37,"loc":{"start":{"line":37,"column":17},"end":{"line":37,"column":24}}},"3":{"name":"_isChunked","line":47,"loc":{"start":{"line":47,"column":0},"end":{"line":47,"column":28}}}},"statementMap":{"1":{"start":{"line":3,"column":0},"end":{"line":3,"column":23}},"2":{"start":{"line":8,"column":4},"end":{"line":8,"column":33}},"3":{"start":{"line":10,"column":4},"end":{"line":12,"column":5}},"4":{"start":{"line":11,"column":6},"end":{"line":11,"column":13}},"5":{"start":{"line":14,"column":4},"end":{"line":14,"column":31}},"6":{"start":{"line":15,"column":4},"end":{"line":15,"column":24}},"7":{"start":{"line":16,"column":4},"end":{"line":27,"column":7}},"8":{"start":{"line":17,"column":6},"end":{"line":26,"column":7}},"9":{"start":{"line":18,"column":8},"end":{"line":18,"column":36}},"10":{"start":{"line":21,"column":8},"end":{"line":21,"column":65}},"11":{"start":{"line":22,"column":8},"end":{"line":22,"column":35}},"12":{"start":{"line":23,"column":8},"end":{"line":23,"column":77}},"13":{"start":{"line":24,"column":8},"end":{"line":24,"column":31}},"14":{"start":{"line":25,"column":8},"end":{"line":25,"column":31}},"15":{"start":{"line":29,"column":4},"end":{"line":32,"column":7}},"16":{"start":{"line":30,"column":6},"end":{"line":30,"column":29}},"17":{"start":{"line":31,"column":6},"end":{"line":31,"column":25}},"18":{"start":{"line":34,"column":4},"end":{"line":34,"column":28}},"19":{"start":{"line":38,"column":4},"end":{"line":38,"column":35}},"20":{"start":{"line":39,"column":4},"end":{"line":42,"column":5}},"21":{"start":{"line":40,"column":6},"end":{"line":40,"column":61}},"22":{"start":{"line":41,"column":6},"end":{"line":41,"column":66}},"23":{"start":{"line":47,"column":0},"end":{"line":50,"column":1}},"24":{"start":{"line":48,"column":2},"end":{"line":48,"column":60}},"25":{"start":{"line":49,"column":2},"end":{"line":49,"column":76}},"26":{"start":{"line":52,"column":0},"end":{"line":52,"column":36}}},"branchMap":{"1":{"line":10,"type":"if","locations":[{"start":{"line":10,"column":4},"end":{"line":10,"column":4}},{"start":{"line":10,"column":4},"end":{"line":10,"column":4}}]},"2":{"line":39,"type":"if","locations":[{"start":{"line":39,"column":4},"end":{"line":39,"column":4}},{"start":{"line":39,"column":4},"end":{"line":39,"column":4}}]},"3":{"line":49,"type":"binary-expr","locations":[{"start":{"line":49,"column":10},"end":{"line":49,"column":21}},{"start":{"line":49,"column":25},"end":{"line":49,"column":74}}]}}}}