TN:
SF:/Users/erin.noe-payne/local/super-router/lib/Request.js
FN:21,(anonymous_1)
FN:45,(anonymous_2)
FN:65,(anonymous_3)
FN:74,(anonymous_4)
FN:84,(anonymous_5)
FN:96,(anonymous_6)
FN:106,(anonymous_7)
FN:118,(anonymous_8)
FN:133,(anonymous_9)
FN:142,(anonymous_10)
FN:152,(anonymous_11)
FN:161,(anonymous_12)
FNF:12
FNH:12
FNDA:96,(anonymous_1)
FNDA:4,(anonymous_2)
FNDA:5,(anonymous_3)
FNDA:179,(anonymous_4)
FNDA:95,(anonymous_5)
FNDA:159,(anonymous_6)
FNDA:91,(anonymous_7)
FNDA:88,(anonymous_8)
FNDA:8,(anonymous_9)
FNDA:26,(anonymous_10)
FNDA:6,(anonymous_11)
FNDA:2,(anonymous_12)
DA:2,1
DA:3,1
DA:4,1
DA:5,1
DA:22,96
DA:23,2
DA:26,94
DA:27,94
DA:29,94
DA:30,1
DA:32,93
DA:33,1
DA:36,92
DA:37,89
DA:39,86
DA:40,86
DA:41,86
DA:42,36
DA:44,86
DA:45,86
DA:46,4
DA:48,86
DA:49,7
DA:52,86
DA:53,268
DA:54,3
DA:66,5
DA:75,179
DA:85,95
DA:86,4
DA:88,91
DA:97,159
DA:107,91
DA:108,4
DA:110,87
DA:119,88
DA:120,88
DA:121,42
DA:124,88
DA:134,8
DA:143,26
DA:153,6
DA:163,2
DA:164,2
DA:165,2
DA:166,1
DA:169,2
DA:178,1
LF:48
LH:48
BRDA:22,1,0,2
BRDA:22,1,1,94
BRDA:29,2,0,1
BRDA:29,2,1,93
BRDA:29,3,0,94
BRDA:29,3,1,91
BRDA:32,4,0,1
BRDA:32,4,1,92
BRDA:32,5,0,93
BRDA:32,5,1,8
BRDA:39,6,0,86
BRDA:39,6,1,84
BRDA:48,7,0,7
BRDA:48,7,1,79
BRDA:53,8,0,3
BRDA:53,8,1,265
BRDA:85,9,0,4
BRDA:85,9,1,91
BRDA:107,10,0,4
BRDA:107,10,1,87
BRDA:165,11,0,1
BRDA:165,11,1,1
BRF:22
BRH:22
end_of_record
TN:
SF:/Users/erin.noe-payne/local/super-router/lib/utils.js
FN:20,(anonymous_1)
FN:43,(anonymous_2)
FN:58,(anonymous_3)
FN:68,(anonymous_4)
FN:78,(anonymous_5)
FNF:5
FNH:5
FNDA:138,(anonymous_1)
FNDA:465,(anonymous_2)
FNDA:704,(anonymous_3)
FNDA:300,(anonymous_4)
FNDA:204,(anonymous_5)
DA:2,1
DA:3,1
DA:21,138
DA:22,138
DA:23,138
DA:25,138
DA:26,104
DA:28,34
DA:29,22
DA:31,12
DA:44,465
DA:45,2
DA:47,465
DA:48,88
DA:59,704
DA:69,300
DA:79,204
DA:80,5
DA:81,10
DA:85,199
DA:90,1
LF:21
LH:21
BRDA:25,1,0,104
BRDA:25,1,1,34
BRDA:28,2,0,22
BRDA:28,2,1,12
BRDA:44,3,0,467
BRDA:44,3,1,165
BRDA:69,4,0,300
BRDA:69,4,1,297
BRDA:79,5,0,5
BRDA:79,5,1,199
BRF:10
BRH:10
end_of_record
TN:
SF:/Users/erin.noe-payne/local/super-router/lib/METHODS.js
FNF:0
FNH:0
DA:4,1
LF:1
LH:1
BRF:0
BRH:0
end_of_record
TN:
SF:/Users/erin.noe-payne/local/super-router/lib/Response.js
FN:10,(anonymous_1)
FN:22,(anonymous_2)
FN:31,(anonymous_3)
FN:43,(anonymous_4)
FN:58,(anonymous_5)
FN:71,(anonymous_6)
FN:86,(anonymous_7)
FN:97,(anonymous_8)
FN:107,(anonymous_9)
FN:118,(anonymous_10)
FN:120,(anonymous_11)
FN:141,(anonymous_12)
FN:150,(anonymous_13)
FNF:13
FNH:13
FNDA:70,(anonymous_1)
FNDA:3,(anonymous_2)
FNDA:3,(anonymous_3)
FNDA:2,(anonymous_4)
FNDA:6,(anonymous_5)
FNDA:8,(anonymous_6)
FNDA:1,(anonymous_7)
FNDA:11,(anonymous_8)
FNDA:5,(anonymous_9)
FNDA:78,(anonymous_10)
FNDA:9,(anonymous_11)
FNDA:3,(anonymous_12)
FNDA:1,(anonymous_13)
DA:2,1
DA:3,1
DA:4,1
DA:11,70
DA:13,70
DA:14,70
DA:15,70
DA:23,3
DA:32,3
DA:33,1
DA:35,2
DA:44,2
DA:45,2
DA:46,2
DA:49,2
DA:59,6
DA:60,0
DA:62,6
DA:72,8
DA:73,2
DA:75,6
DA:76,2
DA:78,4
DA:87,1
DA:88,0
DA:90,1
DA:98,11
DA:108,5
DA:119,78
DA:120,78
DA:121,9
DA:123,78
DA:125,78
DA:126,2
DA:127,2
DA:128,0
DA:131,76
DA:132,6
DA:133,6
DA:142,3
DA:152,1
DA:153,1
DA:154,1
DA:155,0
DA:158,1
DA:167,1
LF:46
LH:42
BRDA:32,1,0,1
BRDA:32,1,1,2
BRDA:59,2,0,0
BRDA:59,2,1,6
BRDA:72,3,0,2
BRDA:72,3,1,6
BRDA:75,4,0,2
BRDA:75,4,1,4
BRDA:87,5,0,0
BRDA:87,5,1,1
BRDA:125,6,0,2
BRDA:125,6,1,76
BRDA:131,7,0,6
BRDA:131,7,1,70
BRDA:154,8,0,0
BRDA:154,8,1,1
BRF:16
BRH:13
end_of_record
TN:
SF:/Users/erin.noe-payne/local/super-router/lib/Route.js
FN:29,(anonymous_1)
FN:60,(anonymous_2)
FN:69,(anonymous_3)
FN:78,(anonymous_4)
FN:87,(anonymous_5)
FN:98,(anonymous_6)
FN:109,(anonymous_7)
FN:120,(anonymous_8)
FN:134,(anonymous_9)
FN:135,(anonymous_10)
FN:149,(anonymous_11)
FN:159,(anonymous_12)
FN:177,(anonymous_13)
FNF:13
FNH:13
FNDA:304,(anonymous_1)
FNDA:243,(anonymous_2)
FNDA:348,(anonymous_3)
FNDA:84,(anonymous_4)
FNDA:70,(anonymous_5)
FNDA:64,(anonymous_6)
FNDA:316,(anonymous_7)
FNDA:316,(anonymous_8)
FNDA:316,(anonymous_9)
FNDA:320,(anonymous_10)
FNDA:82,(anonymous_11)
FNDA:65,(anonymous_12)
FNDA:27,(anonymous_13)
DA:2,1
DA:3,1
DA:4,1
DA:5,1
DA:6,1
DA:7,1
DA:8,1
DA:30,304
DA:31,2
DA:33,302
DA:34,2
DA:36,300
DA:37,1
DA:39,299
DA:40,1
DA:42,298
DA:43,3
DA:46,295
DA:48,295
DA:49,295
DA:50,295
DA:51,295
DA:52,295
DA:61,243
DA:70,348
DA:79,84
DA:88,70
DA:99,64
DA:110,316
DA:121,316
DA:122,312
DA:124,316
DA:135,316
DA:136,320
DA:150,82
DA:160,65
DA:161,1
DA:163,64
DA:178,27
DA:179,2
DA:182,25
DA:183,25
DA:185,25
DA:186,1
DA:188,24
DA:189,1
DA:192,23
DA:193,23
DA:194,4
DA:196,19
DA:197,19
DA:199,19
DA:200,19
DA:202,6
DA:203,3
DA:206,3
DA:211,0
DA:217,1
LF:58
LH:57
BRDA:30,1,0,2
BRDA:30,1,1,302
BRDA:33,2,0,2
BRDA:33,2,1,300
BRDA:36,3,0,1
BRDA:36,3,1,299
BRDA:36,4,0,300
BRDA:36,4,1,10
BRDA:39,5,0,1
BRDA:39,5,1,298
BRDA:39,6,0,299
BRDA:39,6,1,206
BRDA:42,7,0,3
BRDA:42,7,1,295
BRDA:42,8,0,298
BRDA:42,8,1,204
BRDA:48,9,0,295
BRDA:48,9,1,90
BRDA:49,10,0,295
BRDA:49,10,1,94
BRDA:99,11,0,64
BRDA:99,11,1,21
BRDA:121,12,0,312
BRDA:121,12,1,4
BRDA:160,13,0,1
BRDA:160,13,1,64
BRDA:163,14,0,64
BRDA:163,14,1,63
BRDA:178,15,0,2
BRDA:178,15,1,25
BRDA:185,16,0,1
BRDA:185,16,1,24
BRDA:188,17,0,1
BRDA:188,17,1,23
BRDA:193,18,0,4
BRDA:193,18,1,19
BRDA:202,19,0,3
BRDA:202,19,1,3
BRF:38
BRH:38
end_of_record
TN:
SF:/Users/erin.noe-payne/local/super-router/lib/index.js
FNF:0
FNH:0
DA:3,1
DA:4,1
DA:5,1
DA:6,1
DA:7,1
LF:5
LH:5
BRF:0
BRH:0
end_of_record
TN:
SF:/Users/erin.noe-payne/local/super-router/lib/Router.js
FN:13,(anonymous_1)
FN:45,(anonymous_2)
FN:69,(anonymous_3)
FN:92,(anonymous_4)
FNF:4
FNH:4
FNDA:15,(anonymous_1)
FNDA:19,(anonymous_2)
FNDA:3,(anonymous_3)
FNDA:2,(anonymous_4)
DA:3,11
DA:4,11
DA:6,11
DA:7,11
DA:14,15
DA:16,15
DA:17,15
DA:46,19
DA:47,18
DA:50,19
DA:51,2
DA:54,17
DA:70,3
DA:72,3
DA:74,3
DA:75,1
DA:76,1
DA:77,1
DA:78,1
DA:93,2
DA:94,2
DA:96,2
DA:97,1
DA:103,11
LF:24
LH:24
BRDA:46,1,0,18
BRDA:46,1,1,1
BRDA:50,2,0,2
BRDA:50,2,1,17
BRDA:50,3,0,19
BRDA:50,3,1,18
BRDA:74,4,0,1
BRDA:74,4,1,2
BRDA:96,5,0,1
BRDA:96,5,1,1
BRF:10
BRH:10
end_of_record
TN:
SF:/Users/erin.noe-payne/local/super-router/lib/RouteTree.js
FN:6,(anonymous_1)
FN:10,(anonymous_2)
FN:14,(anonymous_3)
FNF:3
FNH:0
FNDA:0,(anonymous_1)
FNDA:0,(anonymous_2)
FNDA:0,(anonymous_3)
DA:3,1
DA:7,0
DA:11,0
DA:15,0
DA:20,1
LF:5
LH:2
BRF:0
BRH:0
end_of_record
TN:
SF:/Users/erin.noe-payne/local/super-router/lib/Node.js
FN:25,(anonymous_1)
FN:57,(anonymous_2)
FN:70,(anonymous_3)
FN:83,(anonymous_4)
FN:108,(anonymous_5)
FN:124,(anonymous_6)
FN:133,(anonymous_7)
FN:143,(anonymous_8)
FN:153,(anonymous_9)
FN:163,(anonymous_10)
FN:177,(anonymous_11)
FN:215,(anonymous_12)
FN:245,(anonymous_13)
FNF:13
FNH:12
FNDA:84,(anonymous_1)
FNDA:332,(anonymous_2)
FNDA:4,(anonymous_3)
FNDA:99,(anonymous_4)
FNDA:52,(anonymous_5)
FNDA:4,(anonymous_6)
FNDA:5,(anonymous_7)
FNDA:6,(anonymous_8)
FNDA:109,(anonymous_9)
FNDA:23,(anonymous_10)
FNDA:12,(anonymous_11)
FNDA:4,(anonymous_12)
FNDA:0,(anonymous_13)
DA:2,1
DA:3,1
DA:4,1
DA:5,1
DA:6,1
DA:26,84
DA:27,2
DA:29,82
DA:30,2
DA:32,80
DA:33,1
DA:36,79
DA:37,79
DA:38,79
DA:39,79
DA:41,79
DA:45,0
DA:47,0
DA:58,332
DA:71,4
DA:84,99
DA:85,87
DA:87,99
DA:88,1
DA:90,98
DA:91,1
DA:93,97
DA:94,98
DA:95,3
DA:97,95
DA:109,52
DA:110,0
DA:112,52
DA:113,1
DA:116,51
DA:125,4
DA:134,5
DA:144,6
DA:154,109
DA:164,23
DA:178,12
DA:179,0
DA:182,12
DA:183,2
DA:186,10
DA:187,3
DA:190,7
DA:191,11
DA:192,4
DA:196,3
DA:197,3
DA:198,3
DA:199,6
DA:200,4
DA:201,4
DA:204,3
DA:216,4
DA:217,4
DA:218,3
DA:219,3
DA:220,2
DA:223,1
DA:224,1
DA:225,1
DA:226,1
DA:230,1
DA:231,1
DA:232,1
DA:233,1
DA:237,0
DA:246,0
DA:248,0
DA:251,0
DA:254,0
DA:258,1
LF:75
LH:66
BRDA:26,1,0,2
BRDA:26,1,1,82
BRDA:29,2,0,2
BRDA:29,2,1,80
BRDA:32,3,0,1
BRDA:32,3,1,79
BRDA:84,4,0,87
BRDA:84,4,1,12
BRDA:87,5,0,1
BRDA:87,5,1,98
BRDA:90,6,0,1
BRDA:90,6,1,97
BRDA:94,7,0,3
BRDA:94,7,1,95
BRDA:109,8,0,0
BRDA:109,8,1,52
BRDA:112,9,0,1
BRDA:112,9,1,51
BRDA:178,10,0,0
BRDA:178,10,1,12
BRDA:182,11,0,2
BRDA:182,11,1,10
BRDA:186,12,0,3
BRDA:186,12,1,7
BRDA:191,13,0,4
BRDA:191,13,1,7
BRDA:199,14,0,4
BRDA:199,14,1,2
BRDA:217,15,0,3
BRDA:217,15,1,1
BRDA:219,16,0,2
BRDA:219,16,1,1
BRDA:232,17,0,1
BRDA:232,17,1,0
BRF:34
BRH:31
end_of_record
TN:
SF:/Users/erin.noe-payne/local/super-router/lib/App.js
FN:12,(anonymous_1)
FN:23,(anonymous_2)
FN:34,(anonymous_3)
FN:80,(anonymous_4)
FN:100,(anonymous_5)
FNF:5
FNH:5
FNDA:34,(anonymous_1)
FNDA:54,(anonymous_2)
FNDA:45,(anonymous_3)
FNDA:99,(anonymous_4)
FNDA:19,(anonymous_5)
DA:2,9
DA:3,9
DA:4,9
DA:5,9
DA:6,9
DA:13,34
DA:24,54
DA:36,45
DA:81,99
DA:82,2
DA:84,99
DA:85,4
DA:88,99
DA:89,99
DA:101,19
DA:102,1
DA:105,19
DA:106,19
DA:107,19
DA:108,81
DA:109,81
DA:111,81
DA:112,45
DA:113,31
DA:114,30
DA:119,36
DA:120,1
DA:122,35
DA:123,19
DA:124,18
DA:130,19
DA:131,17
DA:136,9
LF:33
LH:33
BRDA:81,1,0,2
BRDA:81,1,1,97
BRDA:84,2,0,4
BRDA:84,2,1,95
BRDA:101,3,0,1
BRDA:101,3,1,18
BRDA:111,4,0,45
BRDA:111,4,1,36
BRDA:113,5,0,30
BRDA:113,5,1,1
BRDA:119,6,0,1
BRDA:119,6,1,35
BRDA:123,7,0,18
BRDA:123,7,1,1
BRF:14
BRH:14
end_of_record
TN:
SF:/Users/erin.noe-payne/local/super-router/lib/middleware/index.js
FNF:0
FNH:0
DA:3,1
LF:1
LH:1
BRF:0
BRH:0
end_of_record
TN:
SF:/Users/erin.noe-payne/local/super-router/lib/middleware/ContentNegotiation.js
FN:7,(anonymous_1)
FN:37,(anonymous_2)
FN:47,_isChunked
FNF:3
FNH:3
FNDA:4,(anonymous_1)
FNDA:1,(anonymous_2)
FNDA:5,_isChunked
DA:3,1
DA:8,4
DA:10,4
DA:11,1
DA:14,3
DA:15,3
DA:16,3
DA:17,2
DA:18,2
DA:21,1
DA:22,1
DA:23,1
DA:24,1
DA:25,1
DA:29,3
DA:30,3
DA:31,3
DA:34,3
DA:38,1
DA:39,1
DA:40,1
DA:41,1
DA:47,1
DA:48,5
DA:49,5
DA:52,1
LF:26
LH:26
BRDA:10,1,0,1
BRDA:10,1,1,3
BRDA:39,2,0,1
BRDA:39,2,1,0
BRDA:49,3,0,5
BRDA:49,3,1,1
BRF:6
BRH:5
end_of_record
