TN:
SF:/Users/erin.noe-payne/local/super-router/lib/Request.js
FN:21,(anonymous_1)
FN:45,(anonymous_2)
FN:66,(anonymous_3)
FN:75,(anonymous_4)
FN:85,(anonymous_5)
FN:97,(anonymous_6)
FN:107,(anonymous_7)
FN:119,(anonymous_8)
FN:134,(anonymous_9)
FN:143,(anonymous_10)
FN:153,(anonymous_11)
FNF:11
FNH:11
FNDA:82,(anonymous_1)
FNDA:4,(anonymous_2)
FNDA:5,(anonymous_3)
FNDA:135,(anonymous_4)
FNDA:81,(anonymous_5)
FNDA:120,(anonymous_6)
FNDA:77,(anonymous_7)
FNDA:71,(anonymous_8)
FNDA:4,(anonymous_9)
FNDA:26,(anonymous_10)
FNDA:5,(anonymous_11)
DA:2,1
DA:3,1
DA:4,1
DA:5,1
DA:22,82
DA:23,2
DA:26,80
DA:27,80
DA:29,80
DA:30,1
DA:32,79
DA:33,1
DA:36,78
DA:37,75
DA:39,72
DA:40,72
DA:41,72
DA:42,33
DA:44,72
DA:45,72
DA:46,4
DA:47,4
DA:49,72
DA:50,7
DA:53,72
DA:54,226
DA:55,3
DA:67,5
DA:76,135
DA:86,81
DA:87,4
DA:89,77
DA:98,120
DA:108,77
DA:109,4
DA:111,73
DA:120,71
DA:121,71
DA:122,34
DA:125,71
DA:135,4
DA:144,26
DA:154,5
DA:158,1
LF:44
LH:44
BRDA:22,1,0,2
BRDA:22,1,1,80
BRDA:29,2,0,1
BRDA:29,2,1,79
BRDA:29,3,0,80
BRDA:29,3,1,77
BRDA:32,4,0,1
BRDA:32,4,1,78
BRDA:32,5,0,79
BRDA:32,5,1,8
BRDA:39,6,0,72
BRDA:39,6,1,70
BRDA:49,7,0,7
BRDA:49,7,1,65
BRDA:54,8,0,3
BRDA:54,8,1,223
BRDA:86,9,0,4
BRDA:86,9,1,77
BRDA:108,10,0,4
BRDA:108,10,1,73
BRF:20
BRH:20
end_of_record
TN:
SF:/Users/erin.noe-payne/local/super-router/lib/utils.js
FN:7,(anonymous_1)
FN:22,(anonymous_2)
FN:31,(anonymous_3)
FN:35,(anonymous_4)
FNF:4
FNH:4
FNDA:150,(anonymous_1)
FNDA:275,(anonymous_2)
FNDA:535,(anonymous_3)
FNDA:247,(anonymous_4)
DA:2,1
DA:3,1
DA:8,150
DA:9,150
DA:10,150
DA:12,150
DA:13,96
DA:15,54
DA:16,33
DA:18,21
DA:23,275
DA:24,2
DA:26,275
DA:27,54
DA:32,535
DA:36,247
DA:40,1
LF:17
LH:17
BRDA:12,1,0,96
BRDA:12,1,1,54
BRDA:15,2,0,33
BRDA:15,2,1,21
BRDA:23,3,0,2
BRDA:23,3,1,273
BRDA:23,4,0,275
BRDA:23,4,1,124
BRDA:36,5,0,247
BRDA:36,5,1,244
BRF:10
BRH:10
end_of_record
TN:
SF:/Users/erin.noe-payne/local/super-router/lib/METHODS.js
FNF:0
FNH:0
DA:1,1
LF:1
LH:1
BRF:0
BRH:0
end_of_record
TN:
SF:/Users/erin.noe-payne/local/super-router/lib/Response.js
FN:10,(anonymous_1)
FN:21,(anonymous_2)
FN:30,(anonymous_3)
FN:42,(anonymous_4)
FN:57,(anonymous_5)
FN:67,(anonymous_6)
FN:82,(anonymous_7)
FN:90,(anonymous_8)
FN:100,(anonymous_9)
FN:111,(anonymous_10)
FN:113,(anonymous_11)
FNF:11
FNH:10
FNDA:53,(anonymous_1)
FNDA:2,(anonymous_2)
FNDA:55,(anonymous_3)
FNDA:0,(anonymous_4)
FNDA:5,(anonymous_5)
FNDA:7,(anonymous_6)
FNDA:1,(anonymous_7)
FNDA:11,(anonymous_8)
FNDA:4,(anonymous_9)
FNDA:60,(anonymous_10)
FNDA:8,(anonymous_11)
DA:2,1
DA:3,1
DA:4,1
DA:11,53
DA:13,53
DA:14,53
DA:22,2
DA:31,55
DA:32,1
DA:34,54
DA:43,0
DA:44,0
DA:45,0
DA:48,0
DA:58,5
DA:68,7
DA:69,2
DA:71,5
DA:72,2
DA:74,3
DA:83,1
DA:91,11
DA:101,4
DA:112,60
DA:113,60
DA:114,8
DA:116,60
DA:118,60
DA:119,2
DA:120,2
DA:121,0
DA:124,58
DA:125,5
DA:126,5
DA:132,1
LF:35
LH:30
BRDA:31,1,0,1
BRDA:31,1,1,54
BRDA:68,2,0,2
BRDA:68,2,1,5
BRDA:71,3,0,2
BRDA:71,3,1,3
BRDA:118,4,0,2
BRDA:118,4,1,58
BRDA:124,5,0,5
BRDA:124,5,1,53
BRF:10
BRH:10
end_of_record
TN:
SF:/Users/erin.noe-payne/local/super-router/lib/Route.js
FN:11,(anonymous_1)
FN:33,(anonymous_2)
FN:37,(anonymous_3)
FN:41,(anonymous_4)
FN:45,(anonymous_5)
FN:49,(anonymous_6)
FN:53,(anonymous_7)
FN:60,(anonymous_8)
FN:88,(anonymous_9)
FNF:9
FNH:8
FNDA:205,(anonymous_1)
FNDA:208,(anonymous_2)
FNDA:273,(anonymous_3)
FNDA:40,(anonymous_4)
FNDA:42,(anonymous_5)
FNDA:52,(anonymous_6)
FNDA:43,(anonymous_7)
FNDA:19,(anonymous_8)
FNDA:0,(anonymous_9)
DA:2,1
DA:3,1
DA:4,1
DA:5,1
DA:6,1
DA:7,1
DA:8,1
DA:12,205
DA:13,2
DA:15,203
DA:16,2
DA:18,201
DA:19,1
DA:21,200
DA:22,2
DA:25,198
DA:26,198
DA:27,198
DA:28,198
DA:30,198
DA:34,208
DA:38,273
DA:42,40
DA:46,42
DA:50,52
DA:54,43
DA:55,1
DA:57,42
DA:61,19
DA:62,2
DA:65,17
DA:66,17
DA:68,17
DA:69,1
DA:71,16
DA:72,1
DA:75,15
DA:76,15
DA:77,4
DA:79,11
DA:80,11
DA:81,11
DA:84,1
DA:89,0
DA:97,1
LF:45
LH:44
BRDA:12,1,0,2
BRDA:12,1,1,203
BRDA:15,2,0,2
BRDA:15,2,1,201
BRDA:18,3,0,1
BRDA:18,3,1,200
BRDA:18,4,0,201
BRDA:18,4,1,170
BRDA:21,5,0,2
BRDA:21,5,1,198
BRDA:21,6,0,200
BRDA:21,6,1,170
BRDA:25,7,0,198
BRDA:25,7,1,29
BRDA:26,8,0,198
BRDA:26,8,1,30
BRDA:46,9,0,42
BRDA:46,9,1,20
BRDA:54,10,0,1
BRDA:54,10,1,42
BRDA:57,11,0,42
BRDA:57,11,1,41
BRDA:61,12,0,2
BRDA:61,12,1,17
BRDA:68,13,0,1
BRDA:68,13,1,16
BRDA:71,14,0,1
BRDA:71,14,1,15
BRDA:76,15,0,4
BRDA:76,15,1,11
BRF:30
BRH:30
end_of_record
TN:
SF:/Users/erin.noe-payne/local/super-router/lib/index.js
FNF:0
FNH:0
DA:3,1
DA:4,1
DA:5,1
DA:6,1
DA:7,1
LF:5
LH:5
BRF:0
BRH:0
end_of_record
TN:
SF:/Users/erin.noe-payne/local/super-router/lib/Router.js
FN:15,(anonymous_1)
FN:50,(anonymous_2)
FN:73,(anonymous_3)
FN:89,(anonymous_4)
FNF:4
FNH:4
FNDA:15,(anonymous_1)
FNDA:14,(anonymous_2)
FNDA:3,(anonymous_3)
FNDA:2,(anonymous_4)
DA:3,11
DA:4,11
DA:5,11
DA:6,11
DA:8,11
DA:9,11
DA:16,15
DA:17,15
DA:19,15
DA:20,15
DA:51,14
DA:52,13
DA:55,14
DA:56,2
DA:59,12
DA:74,3
DA:76,3
DA:90,2
DA:91,2
DA:93,2
DA:94,1
DA:100,11
LF:22
LH:22
BRDA:51,1,0,13
BRDA:51,1,1,1
BRDA:55,2,0,2
BRDA:55,2,1,12
BRDA:55,3,0,14
BRDA:55,3,1,13
BRDA:93,4,0,1
BRDA:93,4,1,1
BRF:8
BRH:8
end_of_record
TN:
SF:/Users/erin.noe-payne/local/super-router/lib/RouteTree.js
FN:8,(anonymous_1)
FN:12,(anonymous_2)
FN:16,(anonymous_3)
FNF:3
FNH:0
FNDA:0,(anonymous_1)
FNDA:0,(anonymous_2)
FNDA:0,(anonymous_3)
DA:3,1
DA:4,1
DA:5,1
DA:9,0
DA:13,0
DA:17,0
DA:22,1
LF:7
LH:4
BRF:0
BRH:0
end_of_record
TN:
SF:/Users/erin.noe-payne/local/super-router/lib/Node.js
FN:9,(anonymous_1)
FN:36,(anonymous_2)
FN:40,(anonymous_3)
FN:44,(anonymous_4)
FN:57,(anonymous_5)
FN:68,(anonymous_6)
FN:72,(anonymous_7)
FN:76,(anonymous_8)
FN:80,(anonymous_9)
FN:84,(anonymous_10)
FN:88,(anonymous_11)
FN:118,(anonymous_12)
FN:137,(anonymous_13)
FNF:13
FNH:12
FNDA:81,(anonymous_1)
FNDA:341,(anonymous_2)
FNDA:8,(anonymous_3)
FNDA:91,(anonymous_4)
FNDA:52,(anonymous_5)
FNDA:4,(anonymous_6)
FNDA:5,(anonymous_7)
FNDA:26,(anonymous_8)
FNDA:124,(anonymous_9)
FNDA:23,(anonymous_10)
FNDA:12,(anonymous_11)
FNDA:8,(anonymous_12)
FNDA:0,(anonymous_13)
DA:2,1
DA:3,1
DA:4,1
DA:5,1
DA:6,1
DA:10,81
DA:11,2
DA:13,79
DA:14,2
DA:16,77
DA:17,1
DA:20,76
DA:21,76
DA:22,76
DA:23,76
DA:25,76
DA:29,0
DA:31,0
DA:37,341
DA:41,8
DA:45,91
DA:46,79
DA:48,91
DA:49,1
DA:51,90
DA:52,1
DA:54,89
DA:58,52
DA:59,0
DA:61,52
DA:62,1
DA:65,51
DA:69,4
DA:73,5
DA:77,26
DA:81,124
DA:85,23
DA:89,12
DA:90,0
DA:93,12
DA:94,2
DA:97,10
DA:98,3
DA:101,7
DA:102,11
DA:103,4
DA:107,3
DA:108,3
DA:109,3
DA:110,6
DA:111,4
DA:112,4
DA:115,3
DA:119,8
DA:120,8
DA:121,3
DA:122,3
DA:123,2
DA:127,6
DA:128,5
DA:129,5
DA:130,1
DA:134,5
DA:138,0
DA:140,0
DA:143,0
DA:146,0
DA:150,1
LF:68
LH:60
BRDA:10,1,0,2
BRDA:10,1,1,79
BRDA:13,2,0,2
BRDA:13,2,1,77
BRDA:16,3,0,1
BRDA:16,3,1,76
BRDA:45,4,0,79
BRDA:45,4,1,12
BRDA:48,5,0,1
BRDA:48,5,1,90
BRDA:51,6,0,1
BRDA:51,6,1,89
BRDA:58,7,0,0
BRDA:58,7,1,52
BRDA:61,8,0,1
BRDA:61,8,1,51
BRDA:85,9,0,23
BRDA:85,9,1,20
BRDA:89,10,0,0
BRDA:89,10,1,12
BRDA:93,11,0,2
BRDA:93,11,1,10
BRDA:97,12,0,3
BRDA:97,12,1,7
BRDA:102,13,0,4
BRDA:102,13,1,7
BRDA:110,14,0,4
BRDA:110,14,1,2
BRDA:120,15,0,3
BRDA:120,15,1,5
BRDA:122,16,0,2
BRDA:122,16,1,1
BRDA:129,17,0,1
BRDA:129,17,1,4
BRF:34
BRH:32
end_of_record
TN:
SF:/Users/erin.noe-payne/local/super-router/lib/App.js
FN:12,(anonymous_1)
FN:45,(anonymous_2)
FN:82,(anonymous_3)
FN:103,(anonymous_4)
FNF:4
FNH:4
FNDA:28,(anonymous_1)
FNDA:32,(anonymous_2)
FNDA:31,(anonymous_3)
FNDA:13,(anonymous_4)
DA:2,9
DA:3,9
DA:4,9
DA:5,9
DA:6,9
DA:13,28
DA:14,28
DA:46,32
DA:47,1
DA:49,32
DA:50,2
DA:53,32
DA:54,32
DA:83,31
DA:84,1
DA:87,31
DA:88,2
DA:91,31
DA:92,31
DA:104,13
DA:105,1
DA:108,13
DA:109,13
DA:110,13
DA:111,23
DA:112,17
DA:115,13
DA:116,22
DA:117,1
DA:119,21
DA:120,10
DA:124,13
DA:125,12
DA:130,9
LF:34
LH:34
BRDA:46,1,0,1
BRDA:46,1,1,31
BRDA:49,2,0,2
BRDA:49,2,1,30
BRDA:83,3,0,1
BRDA:83,3,1,30
BRDA:87,4,0,2
BRDA:87,4,1,29
BRDA:104,5,0,1
BRDA:104,5,1,12
BRDA:116,6,0,1
BRDA:116,6,1,21
BRF:12
BRH:12
end_of_record
TN:
SF:/Users/erin.noe-payne/local/super-router/lib/middleware/index.js
FNF:0
FNH:0
DA:3,1
LF:1
LH:1
BRF:0
BRH:0
end_of_record
TN:
SF:/Users/erin.noe-payne/local/super-router/lib/middleware/ContentNegotiation.js
FN:8,(anonymous_1)
FN:34,(anonymous_2)
FN:43,_isMultipart
FNF:3
FNH:3
FNDA:4,(anonymous_1)
FNDA:1,(anonymous_2)
FNDA:4,_isMultipart
DA:3,1
DA:4,1
DA:9,4
DA:11,4
DA:12,0
DA:15,4
DA:16,4
DA:17,4
DA:18,3
DA:19,3
DA:22,2
DA:26,4
DA:27,4
DA:28,4
DA:31,4
DA:35,1
DA:37,1
DA:38,1
DA:43,1
DA:44,4
DA:45,4
DA:46,0
DA:49,4
DA:52,1
LF:24
LH:22
BRDA:11,1,0,0
BRDA:11,1,1,4
BRDA:45,2,0,0
BRDA:45,2,1,4
BRDA:45,3,0,4
BRDA:45,3,1,0
BRF:6
BRH:3
end_of_record
